SF:lib/core/theme/app_theme.dart
DA:5,0
DA:48,1
DA:49,1
DA:70,1
DA:71,1
DA:76,1
DA:77,1
DA:81,1
DA:82,1
DA:86,1
DA:87,1
DA:92,1
DA:93,1
DA:98,1
DA:101,1
DA:102,1
DA:105,1
DA:106,1
DA:109,1
DA:110,1
DA:115,1
DA:117,1
DA:118,1
DA:121,1
DA:125,1
DA:126,1
DA:213,0
DA:243,0
LF:28
LH:25
end_of_record
SF:lib/core/constants/app_constants.dart
DA:3,0
DA:24,0
DA:45,0
DA:63,0
DA:86,0
DA:98,0
DA:108,1
DA:110,1
DA:112,1
DA:114,1
DA:116,1
DA:118,1
DA:128,0
DA:160,1
DA:161,2
DA:165,1
DA:167,1
DA:169,1
DA:171,1
DA:173,1
DA:175,1
DA:177,1
DA:179,1
DA:181,1
DA:183,1
DA:185,1
DA:187,1
DA:189,1
DA:191,1
DA:193,1
DA:195,1
DA:197,1
DA:199,1
DA:201,1
DA:203,1
DA:206,1
LF:36
LH:29
end_of_record
SF:lib/core/utils/score_utils.dart
DA:5,0
DA:8,1
DA:13,4
DA:17,1
DA:18,1
DA:19,2
DA:23,1
DA:24,2
DA:28,1
DA:29,1
DA:33,1
DA:34,1
DA:35,2
DA:39,1
DA:40,2
DA:41,3
DA:44,1
DA:45,1
DA:46,1
DA:47,3
DA:48,0
DA:49,1
DA:50,3
DA:51,1
DA:54,3
DA:59,1
DA:60,1
DA:64,1
DA:70,1
DA:71,1
DA:74,2
DA:75,1
DA:79,1
DA:83,2
DA:84,4
DA:90,0
DA:93,1
DA:94,2
DA:95,3
DA:98,1
DA:99,1
DA:100,1
DA:101,3
DA:102,0
DA:103,1
DA:104,3
DA:105,0
DA:108,3
DA:113,1
DA:114,1
DA:118,1
DA:119,1
DA:120,1
DA:122,2
DA:126,1
DA:127,1
DA:128,1
DA:131,5
DA:132,1
DA:136,1
DA:137,2
LF:61
LH:56
end_of_record
SF:lib/core/utils/court_utils.dart
DA:6,0
DA:21,1
DA:26,3
DA:27,3
DA:29,4
DA:33,1
DA:34,1
DA:37,1
DA:42,1
DA:45,1
DA:49,1
DA:50,0
DA:54,1
DA:58,1
DA:60,2
DA:61,1
DA:63,1
DA:67,1
DA:72,2
DA:73,2
DA:77,2
DA:81,0
DA:82,0
DA:83,0
DA:88,1
DA:90,1
DA:91,1
DA:92,0
DA:96,0
DA:97,0
DA:100,0
DA:101,0
DA:108,1
DA:110,1
DA:111,1
DA:112,1
DA:116,0
DA:117,0
DA:120,0
DA:121,0
DA:126,1
DA:127,1
DA:128,1
DA:133,1
DA:134,2
LF:45
LH:31
end_of_record
SF:lib/core/utils/time_utils.dart
DA:3,0
DA:6,1
DA:7,1
DA:8,1
DA:9,5
DA:13,2
DA:16,1
DA:17,1
DA:18,1
DA:19,1
DA:20,3
DA:22,1
DA:26,1
DA:27,1
DA:28,1
DA:30,1
DA:31,1
DA:32,1
DA:36,1
DA:37,1
DA:38,2
DA:39,2
DA:40,2
DA:41,2
DA:45,1
DA:46,1
DA:47,1
DA:49,2
DA:53,1
DA:54,1
DA:55,1
DA:57,2
LF:32
LH:31
end_of_record
SF:lib/core/utils/sync_manager.dart
DA:20,9
DA:34,0
DA:46,0
DA:48,0
DA:49,0
DA:50,0
DA:51,0
DA:53,0
DA:61,0
DA:64,0
DA:67,0
DA:76,0
DA:79,0
DA:82,0
DA:85,0
DA:86,0
DA:90,0
DA:92,0
DA:94,0
DA:98,0
DA:100,0
DA:102,0
DA:103,0
DA:104,0
DA:105,0
DA:106,0
DA:110,0
DA:113,0
DA:114,0
DA:116,0
DA:118,0
DA:121,0
DA:123,0
DA:125,0
DA:138,0
DA:143,0
DA:144,0
DA:145,0
DA:146,0
DA:147,0
DA:148,0
DA:149,0
DA:150,0
DA:151,0
DA:152,0
DA:154,0
DA:155,0
DA:156,0
DA:157,0
DA:158,0
DA:161,0
DA:162,0
DA:163,0
DA:164,0
DA:165,0
DA:166,0
DA:167,0
DA:168,0
DA:169,0
DA:170,0
DA:171,0
DA:172,0
DA:173,0
DA:174,0
DA:175,0
DA:176,0
DA:177,0
DA:178,0
DA:179,0
DA:180,0
DA:181,0
DA:182,0
DA:183,0
DA:184,0
DA:185,0
DA:186,0
DA:188,0
DA:190,0
DA:191,0
DA:192,0
DA:193,0
DA:194,0
DA:195,0
DA:196,0
DA:197,0
DA:198,0
DA:199,0
DA:200,0
DA:201,0
DA:202,0
DA:203,0
DA:204,0
DA:205,0
DA:206,0
DA:207,0
DA:208,0
DA:209,0
DA:210,0
DA:211,0
DA:212,0
DA:213,0
DA:214,0
DA:215,0
DA:216,0
DA:217,0
DA:218,0
DA:219,0
DA:221,0
DA:226,0
DA:227,0
DA:229,0
DA:230,0
DA:233,0
DA:236,0
DA:239,0
DA:242,0
DA:250,0
DA:251,0
DA:255,0
DA:256,0
DA:257,0
DA:261,0
DA:262,0
DA:263,0
DA:265,0
DA:266,0
DA:267,0
DA:270,0
DA:271,0
DA:279,0
DA:281,0
DA:282,0
LF:132
LH:1
end_of_record
SF:lib/data/api/api_client.dart
DA:8,0
DA:9,0
DA:13,0
DA:19,0
DA:25,0
DA:26,0
DA:28,0
DA:30,0
DA:32,0
DA:41,0
DA:42,0
DA:44,0
DA:46,0
DA:50,0
DA:53,0
DA:54,0
DA:56,0
DA:58,0
DA:67,0
DA:69,0
DA:71,0
DA:74,0
DA:75,0
DA:76,0
DA:78,0
DA:79,0
DA:81,0
DA:82,0
DA:84,0
DA:85,0
DA:90,0
DA:92,0
DA:93,0
DA:94,0
DA:95,0
DA:97,0
DA:98,0
DA:103,0
DA:105,0
DA:106,0
DA:107,0
DA:108,0
DA:110,0
DA:111,0
DA:113,0
DA:114,0
DA:119,0
DA:121,0
DA:122,0
DA:123,0
DA:124,0
DA:125,0
DA:126,0
DA:128,0
DA:129,0
DA:131,0
DA:132,0
DA:137,0
DA:139,0
DA:140,0
DA:141,0
DA:143,0
DA:146,0
DA:149,0
DA:150,0
DA:151,0
DA:153,0
DA:157,0
DA:159,0
DA:160,0
DA:162,0
DA:163,0
DA:172,0
DA:174,0
DA:176,0
DA:178,0
DA:179,0
DA:180,0
DA:181,0
DA:186,0
DA:190,0
DA:191,0
DA:192,0
DA:193,0
DA:194,0
DA:203,0
DA:206,0
DA:207,0
DA:210,0
DA:211,0
DA:212,0
DA:220,0
DA:221,0
DA:222,0
DA:224,0
DA:226,0
DA:227,0
DA:228,0
DA:230,0
DA:232,0
DA:234,0
DA:237,0
DA:238,0
DA:248,0
DA:249,0
DA:254,0
DA:255,0
DA:260,0
DA:272,0
DA:273,0
DA:274,0
DA:275,0
DA:276,0
DA:277,0
DA:278,0
DA:281,0
DA:282,0
DA:283,0
DA:284,0
DA:285,0
DA:302,0
DA:309,0
DA:310,0
DA:311,0
DA:312,0
DA:313,0
DA:314,0
DA:315,0
DA:316,0
DA:317,0
DA:318,0
DA:319,0
DA:320,0
DA:321,0
DA:333,0
DA:347,0
DA:348,0
DA:349,0
DA:350,0
DA:351,0
DA:352,0
DA:353,0
DA:354,0
DA:355,0
DA:356,0
DA:357,0
DA:358,0
DA:359,0
DA:378,0
DA:393,0
DA:394,0
DA:395,0
DA:396,0
DA:397,0
DA:398,0
DA:399,0
DA:400,0
DA:401,0
DA:402,0
DA:403,0
DA:404,0
DA:405,0
DA:406,0
DA:426,0
DA:439,0
DA:440,0
DA:441,0
DA:442,0
DA:443,0
DA:444,0
DA:445,0
DA:446,0
DA:447,0
DA:448,0
DA:449,0
DA:450,0
DA:452,0
DA:470,0
DA:478,0
DA:479,0
DA:480,0
DA:481,0
DA:482,0
DA:483,0
DA:484,0
LF:185
LH:0
end_of_record
SF:lib/data/database/database.g.dart
DA:11,4
DA:14,8
DA:16,4
DA:23,8
DA:25,4
DA:34,8
DA:36,4
DA:43,8
DA:45,4
DA:54,8
DA:56,4
DA:65,8
DA:67,4
DA:76,8
DA:78,4
DA:87,8
DA:89,4
DA:98,8
DA:100,4
DA:109,8
DA:111,4
DA:116,4
DA:117,4
DA:118,4
DA:119,4
DA:120,4
DA:121,4
DA:122,4
DA:123,4
DA:124,4
DA:125,4
DA:126,4
DA:127,4
DA:129,4
DA:130,8
DA:131,4
DA:134,0
DA:139,0
DA:140,0
DA:141,0
DA:142,0
DA:144,0
DA:146,0
DA:147,0
DA:149,0
DA:152,0
DA:154,0
DA:155,0
DA:157,0
DA:160,0
DA:162,0
DA:163,0
DA:165,0
DA:168,0
DA:170,0
DA:171,0
DA:173,0
DA:174,0
DA:179,0
DA:181,0
DA:182,0
DA:184,0
DA:187,0
DA:188,0
DA:190,0
DA:191,0
DA:196,0
DA:197,0
DA:199,0
DA:202,0
DA:203,0
DA:205,0
DA:208,0
DA:209,0
DA:211,0
DA:214,0
DA:219,4
DA:220,4
DA:221,0
DA:223,0
DA:224,0
DA:226,0
DA:228,0
DA:231,0
DA:233,0
DA:236,0
DA:238,0
DA:241,0
DA:243,0
DA:246,0
DA:248,0
DA:250,0
DA:252,0
DA:254,0
DA:256,0
DA:258,0
DA:260,0
DA:262,0
DA:264,0
DA:267,0
DA:269,0
DA:274,0
DA:276,0
DA:291,0
DA:303,0
DA:305,0
DA:306,0
DA:307,0
DA:308,0
DA:309,0
DA:310,0
DA:311,0
DA:312,0
DA:314,0
DA:315,0
DA:317,0
DA:318,0
DA:320,0
DA:321,0
DA:323,0
DA:327,0
DA:328,0
DA:329,0
DA:330,0
DA:331,0
DA:332,0
DA:333,0
DA:335,0
DA:337,0
DA:339,0
DA:341,0
DA:343,0
DA:345,0
DA:347,0
DA:349,0
DA:350,0
DA:354,0
DA:358,0
DA:359,0
DA:360,0
DA:361,0
DA:362,0
DA:363,0
DA:364,0
DA:365,0
DA:366,0
DA:367,0
DA:368,0
DA:369,0
DA:372,0
DA:374,0
DA:375,0
DA:376,0
DA:377,0
DA:378,0
DA:379,0
DA:380,0
DA:381,0
DA:382,0
DA:383,0
DA:384,0
DA:385,0
DA:389,0
DA:400,0
DA:401,0
DA:402,0
DA:403,0
DA:404,0
DA:405,0
DA:406,0
DA:407,0
DA:408,0
DA:409,0
DA:410,0
DA:412,0
DA:413,0
DA:414,0
DA:415,0
DA:416,0
DA:417,0
DA:419,0
DA:420,0
DA:421,0
DA:422,0
DA:424,0
DA:425,0
DA:426,0
DA:427,0
DA:428,0
DA:429,0
DA:433,0
DA:435,0
DA:436,0
DA:437,0
DA:438,0
DA:439,0
DA:440,0
DA:441,0
DA:442,0
DA:443,0
DA:444,0
DA:445,0
DA:446,0
DA:447,0
DA:450,0
DA:451,0
DA:452,0
DA:453,0
DA:454,0
DA:455,0
DA:456,0
DA:457,0
DA:458,0
DA:459,0
DA:460,0
DA:461,0
DA:463,0
DA:466,0
DA:467,0
DA:468,0
DA:469,0
DA:470,0
DA:471,0
DA:472,0
DA:473,0
DA:474,0
DA:475,0
DA:476,0
DA:491,0
DA:504,0
DA:516,0
DA:517,0
DA:518,0
DA:519,0
DA:520,0
DA:521,0
DA:522,0
DA:535,0
DA:536,0
DA:537,0
DA:538,0
DA:539,0
DA:540,0
DA:541,0
DA:542,0
DA:543,0
DA:544,0
DA:545,0
DA:546,0
DA:550,0
DA:563,0
DA:564,0
DA:565,0
DA:566,0
DA:567,0
DA:568,0
DA:569,0
DA:570,0
DA:571,0
DA:572,0
DA:573,0
DA:574,0
DA:578,0
DA:580,0
DA:581,0
DA:582,0
DA:584,0
DA:585,0
DA:587,0
DA:588,0
DA:590,0
DA:591,0
DA:593,0
DA:594,0
DA:596,0
DA:597,0
DA:599,0
DA:600,0
DA:602,0
DA:603,0
DA:605,0
DA:606,0
DA:608,0
DA:609,0
DA:611,0
DA:612,0
DA:617,0
DA:619,0
DA:620,0
DA:621,0
DA:622,0
DA:623,0
DA:624,0
DA:625,0
DA:626,0
DA:627,0
DA:628,0
DA:629,0
DA:630,0
DA:631,0
DA:632,0
DA:641,4
DA:644,8
DA:646,4
DA:655,8
DA:657,4
DA:664,8
DA:666,4
DA:675,8
DA:677,4
DA:686,8
DA:688,4
DA:697,8
DA:699,4
DA:708,8
DA:710,4
DA:719,8
DA:721,4
DA:730,8
DA:732,4
DA:739,8
DA:741,4
DA:749,8
DA:751,4
DA:761,8
DA:763,4
DA:768,4
DA:769,4
DA:770,4
DA:771,4
DA:772,4
DA:773,4
DA:774,4
DA:775,4
DA:776,4
DA:777,4
DA:778,4
DA:779,4
DA:780,4
DA:781,4
DA:783,4
DA:784,8
DA:785,4
DA:788,0
DA:793,0
DA:794,0
DA:795,0
DA:796,0
DA:798,0
DA:799,0
DA:801,0
DA:802,0
DA:807,0
DA:809,0
DA:810,0
DA:812,0
DA:815,0
DA:817,0
DA:818,0
DA:820,0
DA:823,0
DA:825,0
DA:826,0
DA:828,0
DA:829,0
DA:834,0
DA:835,0
DA:837,0
DA:838,0
DA:843,0
DA:844,0
DA:846,0
DA:847,0
DA:852,0
DA:853,0
DA:855,0
DA:858,0
DA:859,0
DA:861,0
DA:864,0
DA:865,0
DA:867,0
DA:870,0
DA:871,0
DA:873,0
DA:876,0
DA:877,0
DA:879,0
DA:882,0
DA:887,4
DA:888,4
DA:889,0
DA:891,0
DA:892,0
DA:894,0
DA:896,0
DA:899,0
DA:901,0
DA:904,0
DA:906,0
DA:909,0
DA:911,0
DA:913,0
DA:915,0
DA:917,0
DA:919,0
DA:921,0
DA:923,0
DA:925,0
DA:927,0
DA:929,0
DA:931,0
DA:934,0
DA:936,0
DA:939,0
DA:941,0
DA:944,0
DA:946,0
DA:951,0
DA:953,0
DA:971,0
DA:985,0
DA:987,0
DA:988,0
DA:989,0
DA:990,0
DA:991,0
DA:992,0
DA:993,0
DA:995,0
DA:996,0
DA:998,0
DA:999,0
DA:1001,0
DA:1002,0
DA:1004,0
DA:1005,0
DA:1007,0
DA:1008,0
DA:1009,0
DA:1013,0
DA:1014,0
DA:1015,0
DA:1016,0
DA:1017,0
DA:1018,0
DA:1020,0
DA:1022,0
DA:1024,0
DA:1026,0
DA:1028,0
DA:1030,0
DA:1032,0
DA:1034,0
DA:1036,0
DA:1038,0
DA:1039,0
DA:1040,0
DA:1041,0
DA:1045,0
DA:1049,0
DA:1050,0
DA:1051,0
DA:1052,0
DA:1053,0
DA:1054,0
DA:1055,0
DA:1056,0
DA:1057,0
DA:1058,0
DA:1059,0
DA:1060,0
DA:1061,0
DA:1062,0
DA:1065,0
DA:1067,0
DA:1068,0
DA:1069,0
DA:1070,0
DA:1071,0
DA:1072,0
DA:1073,0
DA:1074,0
DA:1075,0
DA:1076,0
DA:1077,0
DA:1078,0
DA:1079,0
DA:1080,0
DA:1084,0
DA:1097,0
DA:1098,0
DA:1099,0
DA:1100,0
DA:1101,0
DA:1102,0
DA:1103,0
DA:1105,0
DA:1106,0
DA:1107,0
DA:1108,0
DA:1109,0
DA:1110,0
DA:1112,0
DA:1113,0
DA:1114,0
DA:1116,0
DA:1117,0
DA:1118,0
DA:1119,0
DA:1120,0
DA:1122,0
DA:1124,0
DA:1125,0
DA:1126,0
DA:1128,0
DA:1129,0
DA:1130,0
DA:1131,0
DA:1133,0
DA:1134,0
DA:1135,0
DA:1136,0
DA:1140,0
DA:1142,0
DA:1143,0
DA:1144,0
DA:1145,0
DA:1146,0
DA:1147,0
DA:1148,0
DA:1149,0
DA:1150,0
DA:1151,0
DA:1152,0
DA:1153,0
DA:1154,0
DA:1155,0
DA:1156,0
DA:1159,0
DA:1160,0
DA:1161,0
DA:1162,0
DA:1163,0
DA:1164,0
DA:1165,0
DA:1166,0
DA:1167,0
DA:1168,0
DA:1169,0
DA:1170,0
DA:1171,0
DA:1172,0
DA:1174,0
DA:1177,0
DA:1178,0
DA:1179,0
DA:1180,0
DA:1181,0
DA:1182,0
DA:1183,0
DA:1184,0
DA:1185,0
DA:1186,0
DA:1187,0
DA:1188,0
DA:1189,0
DA:1206,0
DA:1220,0
DA:1233,0
DA:1234,0
DA:1235,0
DA:1236,0
DA:1237,0
DA:1251,0
DA:1252,0
DA:1253,0
DA:1254,0
DA:1255,0
DA:1256,0
DA:1257,0
DA:1258,0
DA:1259,0
DA:1260,0
DA:1261,0
DA:1262,0
DA:1263,0
DA:1267,0
DA:1281,0
DA:1282,0
DA:1283,0
DA:1284,0
DA:1285,0
DA:1286,0
DA:1287,0
DA:1288,0
DA:1289,0
DA:1290,0
DA:1291,0
DA:1292,0
DA:1293,0
DA:1297,0
DA:1299,0
DA:1300,0
DA:1301,0
DA:1303,0
DA:1304,0
DA:1306,0
DA:1307,0
DA:1309,0
DA:1310,0
DA:1312,0
DA:1313,0
DA:1315,0
DA:1316,0
DA:1318,0
DA:1319,0
DA:1321,0
DA:1322,0
DA:1324,0
DA:1325,0
DA:1327,0
DA:1328,0
DA:1330,0
DA:1331,0
DA:1333,0
DA:1334,0
DA:1339,0
DA:1341,0
DA:1342,0
DA:1343,0
DA:1344,0
DA:1345,0
DA:1346,0
DA:1347,0
DA:1348,0
DA:1349,0
DA:1350,0
DA:1351,0
DA:1352,0
DA:1353,0
DA:1354,0
DA:1355,0
DA:1364,4
DA:1367,8
DA:1369,4
DA:1378,8
DA:1380,4
DA:1387,8
DA:1389,4
DA:1398,8
DA:1400,4
DA:1409,8
DA:1411,4
DA:1420,8
DA:1422,4
DA:1431,8
DA:1433,4
DA:1442,8
DA:1444,4
DA:1451,8
DA:1453,4
DA:1462,8
DA:1464,4
DA:1468,4
DA:1477,8
DA:1479,4
DA:1483,4
DA:1492,8
DA:1494,4
DA:1503,8
DA:1505,4
DA:1510,4
DA:1511,4
DA:1512,4
DA:1513,4
DA:1514,4
DA:1515,4
DA:1516,4
DA:1517,4
DA:1518,4
DA:1519,4
DA:1520,4
DA:1521,4
DA:1522,4
DA:1523,4
DA:1524,4
DA:1526,4
DA:1527,8
DA:1528,4
DA:1531,0
DA:1536,0
DA:1537,0
DA:1538,0
DA:1539,0
DA:1541,0
DA:1542,0
DA:1544,0
DA:1545,0
DA:1550,0
DA:1552,0
DA:1553,0
DA:1555,0
DA:1558,0
DA:1559,0
DA:1561,0
DA:1564,0
DA:1566,0
DA:1567,0
DA:1569,0
DA:1570,0
DA:1575,0
DA:1576,0
DA:1578,0
DA:1579,0
DA:1584,0
DA:1585,0
DA:1587,0
DA:1588,0
DA:1593,0
DA:1594,0
DA:1596,0
DA:1599,0
DA:1600,0
DA:1602,0
DA:1605,0
DA:1607,0
DA:1608,0
DA:1610,0
DA:1613,0
DA:1614,0
DA:1616,0
DA:1619,0
DA:1620,0
DA:1622,0
DA:1623,0
DA:1628,0
DA:1629,0
DA:1631,0
DA:1634,0
DA:1639,4
DA:1640,4
DA:1641,0
DA:1643,0
DA:1644,0
DA:1646,0
DA:1648,0
DA:1651,0
DA:1653,0
DA:1655,0
DA:1657,0
DA:1660,0
DA:1662,0
DA:1664,0
DA:1666,0
DA:1668,0
DA:1670,0
DA:1672,0
DA:1674,0
DA:1676,0
DA:1678,0
DA:1681,0
DA:1683,0
DA:1686,0
DA:1688,0
DA:1691,0
DA:1693,0
DA:1695,0
DA:1697,0
DA:1700,0
DA:1702,0
DA:1707,0
DA:1709,0
DA:1728,1
DA:1743,0
DA:1745,0
DA:1746,0
DA:1747,0
DA:1748,0
DA:1749,0
DA:1751,0
DA:1752,0
DA:1753,0
DA:1755,0
DA:1756,0
DA:1758,0
DA:1759,0
DA:1761,0
DA:1762,0
DA:1764,0
DA:1765,0
DA:1766,0
DA:1767,0
DA:1768,0
DA:1770,0
DA:1774,0
DA:1775,0
DA:1776,0
DA:1777,0
DA:1779,0
DA:1780,0
DA:1782,0
DA:1784,0
DA:1786,0
DA:1788,0
DA:1790,0
DA:1792,0
DA:1794,0
DA:1796,0
DA:1797,0
DA:1798,0
DA:1799,0
DA:1801,0
DA:1803,0
DA:1804,0
DA:1808,0
DA:1812,0
DA:1813,0
DA:1814,0
DA:1815,0
DA:1816,0
DA:1817,0
DA:1818,0
DA:1819,0
DA:1820,0
DA:1821,0
DA:1822,0
DA:1823,0
DA:1824,0
DA:1825,0
DA:1826,0
DA:1829,0
DA:1831,0
DA:1832,0
DA:1833,0
DA:1834,0
DA:1835,0
DA:1836,0
DA:1837,0
DA:1838,0
DA:1839,0
DA:1840,0
DA:1841,0
DA:1842,0
DA:1843,0
DA:1844,0
DA:1845,0
DA:1849,0
DA:1863,0
DA:1864,0
DA:1865,0
DA:1866,0
DA:1867,0
DA:1868,0
DA:1870,0
DA:1871,0
DA:1872,0
DA:1873,0
DA:1874,0
DA:1875,0
DA:1876,0
DA:1877,0
DA:1879,0
DA:1882,0
DA:1883,0
DA:1885,0
DA:1886,0
DA:1887,0
DA:1888,0
DA:1889,0
DA:1891,0
DA:1892,0
DA:1893,0
DA:1895,0
DA:1896,0
DA:1897,0
DA:1899,0
DA:1900,0
DA:1901,0
DA:1902,0
DA:1903,0
DA:1904,0
DA:1905,0
DA:1907,0
DA:1908,0
DA:1912,0
DA:1914,0
DA:1915,0
DA:1916,0
DA:1917,0
DA:1918,0
DA:1919,0
DA:1920,0
DA:1921,0
DA:1922,0
DA:1923,0
DA:1924,0
DA:1925,0
DA:1926,0
DA:1927,0
DA:1928,0
DA:1929,0
DA:1932,0
DA:1933,0
DA:1934,0
DA:1935,0
DA:1936,0
DA:1937,0
DA:1938,0
DA:1939,0
DA:1940,0
DA:1941,0
DA:1942,0
DA:1943,0
DA:1944,0
DA:1945,0
DA:1946,0
DA:1948,1
DA:1951,0
DA:1952,0
DA:1953,0
DA:1954,0
DA:1955,0
DA:1956,0
DA:1957,0
DA:1958,0
DA:1959,0
DA:1960,0
DA:1961,0
DA:1962,0
DA:1963,0
DA:1964,0
DA:1982,0
DA:1997,0
DA:2011,0
DA:2012,0
DA:2013,0
DA:2014,0
DA:2015,0
DA:2030,0
DA:2031,0
DA:2032,0
DA:2033,0
DA:2034,0
DA:2035,0
DA:2036,0
DA:2037,0
DA:2038,0
DA:2039,0
DA:2040,0
DA:2041,0
DA:2042,0
DA:2043,0
DA:2047,0
DA:2062,0
DA:2063,0
DA:2064,0
DA:2065,0
DA:2066,0
DA:2067,0
DA:2068,0
DA:2069,0
DA:2070,0
DA:2071,0
DA:2072,0
DA:2073,0
DA:2074,0
DA:2075,0
DA:2079,0
DA:2081,0
DA:2082,0
DA:2083,0
DA:2085,0
DA:2086,0
DA:2088,0
DA:2089,0
DA:2091,0
DA:2092,0
DA:2094,0
DA:2095,0
DA:2097,0
DA:2098,0
DA:2100,0
DA:2101,0
DA:2103,0
DA:2104,0
DA:2106,0
DA:2107,0
DA:2109,0
DA:2110,0
DA:2112,0
DA:2113,0
DA:2115,0
DA:2116,0
DA:2118,0
DA:2119,0
DA:2124,0
DA:2126,0
DA:2127,0
DA:2128,0
DA:2129,0
DA:2130,0
DA:2131,0
DA:2132,0
DA:2133,0
DA:2134,0
DA:2135,0
DA:2136,0
DA:2137,0
DA:2138,0
DA:2139,0
DA:2140,0
DA:2141,0
DA:2150,4
DA:2153,8
DA:2155,4
DA:2160,4
DA:2168,8
DA:2170,4
DA:2179,8
DA:2181,4
DA:2190,8
DA:2192,4
DA:2201,8
DA:2203,4
DA:2212,8
DA:2214,4
DA:2223,8
DA:2225,4
DA:2234,8
DA:2236,4
DA:2245,8
DA:2247,4
DA:2256,8
DA:2258,4
DA:2268,8
DA:2270,4
DA:2280,4
DA:2281,4
DA:2283,4
DA:2293,8
DA:2295,4
DA:2305,8
DA:2307,4
DA:2317,8
DA:2319,4
DA:2327,8
DA:2329,4
DA:2339,8
DA:2341,4
DA:2350,8
DA:2352,4
DA:2361,8
DA:2363,4
DA:2373,8
DA:2375,4
DA:2384,8
DA:2386,4
DA:2395,8
DA:2397,4
DA:2406,8
DA:2408,4
DA:2417,8
DA:2419,4
DA:2428,8
DA:2430,4
DA:2439,8
DA:2441,4
DA:2450,8
DA:2452,4
DA:2456,4
DA:2465,8
DA:2467,4
DA:2476,8
DA:2478,4
DA:2487,8
DA:2489,4
DA:2498,8
DA:2500,4
DA:2505,4
DA:2506,4
DA:2507,4
DA:2508,4
DA:2509,4
DA:2510,4
DA:2511,4
DA:2512,4
DA:2513,4
DA:2514,4
DA:2515,4
DA:2516,4
DA:2517,4
DA:2518,4
DA:2519,4
DA:2520,4
DA:2521,4
DA:2522,4
DA:2523,4
DA:2524,4
DA:2525,4
DA:2526,4
DA:2527,4
DA:2528,4
DA:2529,4
DA:2530,4
DA:2531,4
DA:2532,4
DA:2533,4
DA:2534,4
DA:2535,4
DA:2536,4
DA:2537,4
DA:2539,4
DA:2540,8
DA:2541,4
DA:2544,4
DA:2549,4
DA:2550,4
DA:2551,4
DA:2552,0
DA:2554,4
DA:2555,1
DA:2557,3
DA:2560,4
DA:2561,1
DA:2563,3
DA:2566,4
DA:2567,4
DA:2569,12
DA:2572,0
DA:2574,4
DA:2575,4
DA:2577,8
DA:2578,4
DA:2583,0
DA:2585,4
DA:2586,4
DA:2588,8
DA:2589,4
DA:2594,0
DA:2596,4
DA:2597,4
DA:2599,8
DA:2600,4
DA:2605,0
DA:2607,4
DA:2608,4
DA:2610,8
DA:2611,4
DA:2616,0
DA:2618,4
DA:2619,4
DA:2621,8
DA:2622,4
DA:2627,0
DA:2629,4
DA:2630,2
DA:2632,6
DA:2635,4
DA:2636,2
DA:2638,6
DA:2641,4
DA:2642,1
DA:2644,2
DA:2645,1
DA:2650,4
DA:2651,2
DA:2653,4
DA:2654,2
DA:2659,4
DA:2660,2
DA:2662,4
DA:2663,2
DA:2668,4
DA:2669,1
DA:2671,2
DA:2672,1
DA:2677,4
DA:2678,2
DA:2680,6
DA:2683,4
DA:2684,0
DA:2686,0
DA:2687,0
DA:2692,4
DA:2693,0
DA:2695,0
DA:2696,0
DA:2701,4
DA:2702,0
DA:2704,0
DA:2705,0
DA:2710,4
DA:2711,0
DA:2713,0
DA:2716,4
DA:2717,0
DA:2719,0
DA:2720,0
DA:2725,4
DA:2726,0
DA:2728,0
DA:2731,4
DA:2732,0
DA:2734,0
DA:2735,0
DA:2740,4
DA:2741,0
DA:2743,0
DA:2744,0
DA:2749,4
DA:2750,0
DA:2752,0
DA:2755,4
DA:2756,1
DA:2758,3
DA:2761,4
DA:2762,1
DA:2764,3
DA:2767,4
DA:2768,1
DA:2770,3
DA:2773,4
DA:2774,1
DA:2776,3
DA:2779,4
DA:2780,4
DA:2782,12
DA:2785,0
DA:2787,4
DA:2788,4
DA:2790,12
DA:2793,0
DA:2798,4
DA:2799,4
DA:2800,2
DA:2802,0
DA:2803,2
DA:2805,6
DA:2807,4
DA:2809,6
DA:2811,4
DA:2813,6
DA:2815,4
DA:2818,6
DA:2820,4
DA:2823,6
DA:2825,4
DA:2828,6
DA:2830,4
DA:2833,6
DA:2835,4
DA:2838,6
DA:2840,4
DA:2843,6
DA:2845,4
DA:2848,6
DA:2850,4
DA:2853,6
DA:2855,4
DA:2858,6
DA:2860,4
DA:2863,6
DA:2865,4
DA:2868,6
DA:2870,4
DA:2873,6
DA:2875,4
DA:2878,6
DA:2880,4
DA:2883,6
DA:2885,4
DA:2888,6
DA:2890,4
DA:2893,6
DA:2895,4
DA:2897,6
DA:2899,4
DA:2901,6
DA:2903,4
DA:2905,6
DA:2907,4
DA:2909,6
DA:2911,4
DA:2913,6
DA:2915,4
DA:2917,6
DA:2919,4
DA:2921,6
DA:2923,4
DA:2926,6
DA:2928,4
DA:2930,6
DA:2932,4
DA:2934,6
DA:2936,4
DA:2939,6
DA:2941,4
DA:2944,6
DA:2946,4
DA:2951,0
DA:2953,0
DA:2989,2
DA:3022,0
DA:3024,0
DA:3025,0
DA:3026,0
DA:3027,0
DA:3029,0
DA:3030,0
DA:3032,0
DA:3033,0
DA:3034,0
DA:3035,0
DA:3036,0
DA:3037,0
DA:3038,0
DA:3039,0
DA:3040,0
DA:3041,0
DA:3042,0
DA:3043,0
DA:3044,0
DA:3045,0
DA:3046,0
DA:3047,0
DA:3048,0
DA:3049,0
DA:3051,0
DA:3052,0
DA:3054,0
DA:3055,0
DA:3057,0
DA:3058,0
DA:3060,0
DA:3061,0
DA:3063,0
DA:3064,0
DA:3066,0
DA:3067,0
DA:3069,0
DA:3070,0
DA:3071,0
DA:3073,0
DA:3074,0
DA:3076,0
DA:3077,0
DA:3081,0
DA:3082,0
DA:3083,0
DA:3085,0
DA:3087,0
DA:3089,0
DA:3091,0
DA:3092,0
DA:3093,0
DA:3094,0
DA:3095,0
DA:3096,0
DA:3097,0
DA:3098,0
DA:3099,0
DA:3100,0
DA:3101,0
DA:3102,0
DA:3103,0
DA:3104,0
DA:3105,0
DA:3106,0
DA:3107,0
DA:3109,0
DA:3111,0
DA:3113,0
DA:3115,0
DA:3117,0
DA:3119,0
DA:3121,0
DA:3123,0
DA:3125,0
DA:3127,0
DA:3129,0
DA:3131,0
DA:3133,0
DA:3135,0
DA:3136,0
DA:3138,0
DA:3140,0
DA:3142,0
DA:3144,0
DA:3145,0
DA:3146,0
DA:3150,0
DA:3154,0
DA:3155,0
DA:3156,0
DA:3157,0
DA:3158,0
DA:3159,0
DA:3160,0
DA:3161,0
DA:3162,0
DA:3163,0
DA:3164,0
DA:3165,0
DA:3166,0
DA:3167,0
DA:3168,0
DA:3169,0
DA:3170,0
DA:3171,0
DA:3172,0
DA:3173,0
DA:3174,0
DA:3176,0
DA:3177,0
DA:3179,0
DA:3180,0
DA:3181,0
DA:3182,0
DA:3183,0
DA:3184,0
DA:3185,0
DA:3186,0
DA:3187,0
DA:3188,0
DA:3189,0
DA:3190,0
DA:3193,0
DA:3195,0
DA:3196,0
DA:3197,0
DA:3198,0
DA:3199,0
DA:3200,0
DA:3201,0
DA:3202,0
DA:3203,0
DA:3204,0
DA:3205,0
DA:3206,0
DA:3207,0
DA:3208,0
DA:3209,0
DA:3210,0
DA:3211,0
DA:3212,0
DA:3213,0
DA:3214,0
DA:3215,0
DA:3216,0
DA:3217,0
DA:3218,0
DA:3219,0
DA:3220,0
DA:3221,0
DA:3222,0
DA:3223,0
DA:3224,0
DA:3225,0
DA:3226,0
DA:3227,0
DA:3231,0
DA:3263,0
DA:3264,0
DA:3265,0
DA:3266,0
DA:3267,0
DA:3268,0
DA:3269,0
DA:3270,0
DA:3271,0
DA:3272,0
DA:3273,0
DA:3274,0
DA:3275,0
DA:3276,0
DA:3277,0
DA:3278,0
DA:3279,0
DA:3280,0
DA:3281,0
DA:3282,0
DA:3283,0
DA:3284,0
DA:3285,0
DA:3286,0
DA:3287,0
DA:3288,0
DA:3289,0
DA:3290,0
DA:3291,0
DA:3292,0
DA:3293,0
DA:3294,0
DA:3296,0
DA:3297,0
DA:3298,0
DA:3299,0
DA:3301,0
DA:3302,0
DA:3304,0
DA:3305,0
DA:3306,0
DA:3308,0
DA:3310,0
DA:3312,0
DA:3313,0
DA:3314,0
DA:3316,0
DA:3317,0
DA:3318,0
DA:3319,0
DA:3320,0
DA:3322,0
DA:3323,0
DA:3324,0
DA:3326,0
DA:3327,0
DA:3328,0
DA:3330,0
DA:3331,0
DA:3332,0
DA:3334,0
DA:3335,0
DA:3336,0
DA:3337,0
DA:3339,0
DA:3340,0
DA:3341,0
DA:3343,0
DA:3344,0
DA:3345,0
DA:3347,0
DA:3348,0
DA:3349,0
DA:3350,0
DA:3352,0
DA:3353,0
DA:3355,0
DA:3357,0
DA:3358,0
DA:3359,0
DA:3360,0
DA:3361,0
DA:3362,0
DA:3363,0
DA:3364,0
DA:3368,0
DA:3370,0
DA:3371,0
DA:3372,0
DA:3373,0
DA:3374,0
DA:3375,0
DA:3376,0
DA:3377,0
DA:3378,0
DA:3379,0
DA:3380,0
DA:3381,0
DA:3382,0
DA:3383,0
DA:3384,0
DA:3385,0
DA:3386,0
DA:3387,0
DA:3388,0
DA:3389,0
DA:3390,0
DA:3391,0
DA:3392,0
DA:3393,0
DA:3394,0
DA:3395,0
DA:3396,0
DA:3397,0
DA:3398,0
DA:3399,0
DA:3400,0
DA:3401,0
DA:3402,0
DA:3403,0
DA:3406,0
DA:3407,0
DA:3408,0
DA:3409,0
DA:3410,0
DA:3411,0
DA:3412,0
DA:3413,0
DA:3414,0
DA:3415,0
DA:3416,0
DA:3417,0
DA:3418,0
DA:3419,0
DA:3420,0
DA:3421,0
DA:3422,0
DA:3423,0
DA:3424,0
DA:3425,0
DA:3426,0
DA:3427,0
DA:3428,0
DA:3429,0
DA:3430,0
DA:3431,0
DA:3432,0
DA:3433,0
DA:3434,0
DA:3435,0
DA:3436,0
DA:3437,0
DA:3438,0
DA:3440,0
DA:3443,0
DA:3444,0
DA:3445,0
DA:3446,0
DA:3447,0
DA:3448,0
DA:3449,0
DA:3450,0
DA:3451,0
DA:3452,0
DA:3453,0
DA:3454,0
DA:3455,0
DA:3456,0
DA:3457,0
DA:3458,0
DA:3459,0
DA:3460,0
DA:3461,0
DA:3462,0
DA:3463,0
DA:3464,0
DA:3465,0
DA:3466,0
DA:3467,0
DA:3468,0
DA:3469,0
DA:3470,0
DA:3471,0
DA:3472,0
DA:3473,0
DA:3474,0
DA:3509,2
DA:3542,4
DA:3574,4
DA:3575,4
DA:3576,4
DA:3577,4
DA:3578,4
DA:3579,4
DA:3580,4
DA:3581,4
DA:3582,0
DA:3615,0
DA:3616,0
DA:3617,0
DA:3618,0
DA:3619,0
DA:3620,0
DA:3621,0
DA:3622,0
DA:3623,0
DA:3624,0
DA:3625,0
DA:3626,0
DA:3627,0
DA:3628,0
DA:3629,0
DA:3630,0
DA:3631,0
DA:3632,0
DA:3634,0
DA:3636,0
DA:3637,0
DA:3638,0
DA:3639,0
DA:3640,0
DA:3641,0
DA:3642,0
DA:3643,0
DA:3644,0
DA:3645,0
DA:3646,0
DA:3647,0
DA:3648,0
DA:3652,1
DA:3685,1
DA:3686,1
DA:3687,1
DA:3688,1
DA:3689,1
DA:3690,1
DA:3691,1
DA:3692,1
DA:3693,1
DA:3694,1
DA:3695,1
DA:3696,1
DA:3697,1
DA:3698,1
DA:3699,1
DA:3700,1
DA:3701,1
DA:3702,1
DA:3704,1
DA:3706,1
DA:3707,1
DA:3708,1
DA:3709,1
DA:3710,1
DA:3711,1
DA:3712,1
DA:3713,0
DA:3714,1
DA:3715,1
DA:3716,1
DA:3717,1
DA:3718,1
DA:3722,4
DA:3724,4
DA:3725,8
DA:3726,0
DA:3728,8
DA:3729,4
DA:3731,8
DA:3732,4
DA:3734,8
DA:3735,16
DA:3737,8
DA:3738,16
DA:3740,8
DA:3741,16
DA:3743,8
DA:3744,16
DA:3746,8
DA:3747,16
DA:3749,8
DA:3750,16
DA:3752,8
DA:3753,8
DA:3755,8
DA:3756,8
DA:3758,8
DA:3759,4
DA:3761,8
DA:3762,8
DA:3764,8
DA:3765,8
DA:3767,8
DA:3768,4
DA:3770,8
DA:3771,8
DA:3773,8
DA:3774,0
DA:3776,8
DA:3777,0
DA:3778,0
DA:3781,8
DA:3782,0
DA:3783,0
DA:3786,8
DA:3787,0
DA:3789,8
DA:3790,0
DA:3792,8
DA:3793,0
DA:3795,8
DA:3796,0
DA:3798,8
DA:3799,0
DA:3801,8
DA:3802,0
DA:3804,8
DA:3805,4
DA:3807,8
DA:3808,4
DA:3810,8
DA:3811,4
DA:3813,8
DA:3814,4
DA:3816,8
DA:3817,16
DA:3819,8
DA:3820,16
DA:3825,0
DA:3827,0
DA:3828,0
DA:3829,0
DA:3830,0
DA:3831,0
DA:3832,0
DA:3833,0
DA:3834,0
DA:3835,0
DA:3836,0
DA:3837,0
DA:3838,0
DA:3839,0
DA:3840,0
DA:3841,0
DA:3842,0
DA:3843,0
DA:3844,0
DA:3845,0
DA:3846,0
DA:3847,0
DA:3848,0
DA:3849,0
DA:3850,0
DA:3851,0
DA:3852,0
DA:3853,0
DA:3854,0
DA:3855,0
DA:3856,0
DA:3857,0
DA:3858,0
DA:3859,0
DA:3860,0
DA:3869,4
DA:3872,8
DA:3874,4
DA:3879,4
DA:3887,8
DA:3889,4
DA:3897,8
DA:3899,4
DA:3908,8
DA:3910,4
DA:3919,8
DA:3921,4
DA:3925,4
DA:3934,8
DA:3936,4
DA:3940,4
DA:3949,8
DA:3951,4
DA:3961,4
DA:3962,4
DA:3964,4
DA:3971,8
DA:3973,4
DA:3983,8
DA:3985,4
DA:3994,8
DA:3996,4
DA:4006,8
DA:4008,4
DA:4017,8
DA:4019,4
DA:4029,8
DA:4031,4
DA:4040,8
DA:4042,4
DA:4052,8
DA:4054,4
DA:4063,8
DA:4065,4
DA:4075,8
DA:4077,4
DA:4087,8
DA:4089,4
DA:4099,8
DA:4101,4
DA:4111,8
DA:4113,4
DA:4121,8
DA:4123,4
DA:4131,8
DA:4133,4
DA:4143,8
DA:4145,4
DA:4155,8
DA:4157,4
DA:4167,8
DA:4169,4
DA:4179,8
DA:4181,4
DA:4185,4
DA:4194,8
DA:4196,4
DA:4200,4
DA:4209,8
DA:4211,4
DA:4215,4
DA:4224,8
DA:4226,4
DA:4231,4
DA:4232,4
DA:4233,4
DA:4234,4
DA:4235,4
DA:4236,4
DA:4237,4
DA:4238,4
DA:4239,4
DA:4240,4
DA:4241,4
DA:4242,4
DA:4243,4
DA:4244,4
DA:4245,4
DA:4246,4
DA:4247,4
DA:4248,4
DA:4249,4
DA:4250,4
DA:4251,4
DA:4252,4
DA:4253,4
DA:4254,4
DA:4255,4
DA:4256,4
DA:4257,4
DA:4258,4
DA:4259,4
DA:4260,4
DA:4261,4
DA:4262,4
DA:4264,4
DA:4265,8
DA:4266,4
DA:4269,2
DA:4274,2
DA:4275,2
DA:4276,2
DA:4277,0
DA:4279,2
DA:4280,2
DA:4282,4
DA:4283,2
DA:4288,0
DA:4290,2
DA:4291,2
DA:4293,4
DA:4294,2
DA:4299,0
DA:4301,2
DA:4302,2
DA:4304,4
DA:4305,2
DA:4310,0
DA:4312,2
DA:4313,1
DA:4315,3
DA:4318,2
DA:4319,2
DA:4321,6
DA:4324,2
DA:4325,0
DA:4327,0
DA:4328,0
DA:4333,2
DA:4334,2
DA:4336,4
DA:4337,2
DA:4342,2
DA:4343,2
DA:4345,6
DA:4348,2
DA:4349,2
DA:4351,4
DA:4352,2
DA:4357,2
DA:4358,2
DA:4360,4
DA:4361,2
DA:4366,2
DA:4367,2
DA:4369,4
DA:4370,2
DA:4375,2
DA:4376,2
DA:4378,4
DA:4379,2
DA:4384,2
DA:4385,2
DA:4387,4
DA:4388,2
DA:4393,2
DA:4394,2
DA:4396,4
DA:4397,2
DA:4402,2
DA:4403,2
DA:4405,4
DA:4406,2
DA:4411,2
DA:4412,2
DA:4414,4
DA:4415,2
DA:4420,2
DA:4421,2
DA:4423,4
DA:4424,2
DA:4429,2
DA:4430,2
DA:4432,4
DA:4433,2
DA:4438,2
DA:4439,2
DA:4441,4
DA:4442,2
DA:4447,2
DA:4448,1
DA:4450,3
DA:4453,2
DA:4454,2
DA:4456,6
DA:4459,2
DA:4460,1
DA:4462,3
DA:4465,2
DA:4466,2
DA:4468,6
DA:4471,2
DA:4472,2
DA:4474,4
DA:4475,2
DA:4480,2
DA:4481,0
DA:4483,0
DA:4486,2
DA:4487,2
DA:4489,6
DA:4492,2
DA:4493,0
DA:4495,0
DA:4498,2
DA:4499,0
DA:4501,0
DA:4502,0
DA:4507,2
DA:4508,2
DA:4510,6
DA:4513,0
DA:4518,4
DA:4519,4
DA:4520,2
DA:4522,0
DA:4523,2
DA:4525,6
DA:4527,4
DA:4530,6
DA:4532,4
DA:4535,6
DA:4537,4
DA:4540,6
DA:4542,4
DA:4545,6
DA:4547,4
DA:4550,6
DA:4552,4
DA:4555,6
DA:4557,4
DA:4559,6
DA:4561,4
DA:4564,6
DA:4566,4
DA:4569,6
DA:4571,4
DA:4574,6
DA:4576,4
DA:4579,6
DA:4581,4
DA:4584,6
DA:4586,4
DA:4589,6
DA:4591,4
DA:4594,6
DA:4596,4
DA:4599,6
DA:4601,4
DA:4604,6
DA:4606,4
DA:4609,6
DA:4611,4
DA:4614,6
DA:4616,4
DA:4619,6
DA:4621,4
DA:4624,6
DA:4626,4
DA:4629,6
DA:4631,4
DA:4634,6
DA:4636,4
DA:4639,6
DA:4641,4
DA:4644,6
DA:4646,4
DA:4649,6
DA:4651,4
DA:4654,6
DA:4656,4
DA:4659,6
DA:4661,4
DA:4664,6
DA:4666,4
DA:4669,6
DA:4671,4
DA:4676,0
DA:4678,0
DA:4713,3
DA:4745,0
DA:4747,0
DA:4748,0
DA:4749,0
DA:4750,0
DA:4751,0
DA:4752,0
DA:4753,0
DA:4754,0
DA:4755,0
DA:4756,0
DA:4758,0
DA:4759,0
DA:4760,0
DA:4761,0
DA:4762,0
DA:4763,0
DA:4764,0
DA:4765,0
DA:4766,0
DA:4767,0
DA:4768,0
DA:4769,0
DA:4770,0
DA:4771,0
DA:4772,0
DA:4773,0
DA:4774,0
DA:4775,0
DA:4776,0
DA:4777,0
DA:4778,0
DA:4779,0
DA:4783,0
DA:4784,0
DA:4785,0
DA:4786,0
DA:4787,0
DA:4788,0
DA:4789,0
DA:4790,0
DA:4791,0
DA:4793,0
DA:4795,0
DA:4796,0
DA:4797,0
DA:4798,0
DA:4799,0
DA:4800,0
DA:4801,0
DA:4802,0
DA:4803,0
DA:4804,0
DA:4805,0
DA:4806,0
DA:4807,0
DA:4808,0
DA:4809,0
DA:4810,0
DA:4811,0
DA:4812,0
DA:4813,0
DA:4814,0
DA:4815,0
DA:4816,0
DA:4817,0
DA:4821,0
DA:4825,0
DA:4826,0
DA:4827,0
DA:4828,0
DA:4829,0
DA:4830,0
DA:4832,0
DA:4833,0
DA:4834,0
DA:4835,0
DA:4836,0
DA:4837,0
DA:4838,0
DA:4839,0
DA:4840,0
DA:4842,0
DA:4843,0
DA:4844,0
DA:4846,0
DA:4847,0
DA:4848,0
DA:4850,0
DA:4851,0
DA:4852,0
DA:4854,0
DA:4855,0
DA:4856,0
DA:4857,0
DA:4858,0
DA:4859,0
DA:4860,0
DA:4861,0
DA:4862,0
DA:4863,0
DA:4864,0
DA:4865,0
DA:4866,0
DA:4869,0
DA:4871,0
DA:4872,0
DA:4873,0
DA:4874,0
DA:4875,0
DA:4876,0
DA:4877,0
DA:4878,0
DA:4879,0
DA:4880,0
DA:4881,0
DA:4882,0
DA:4883,0
DA:4884,0
DA:4885,0
DA:4886,0
DA:4887,0
DA:4888,0
DA:4889,0
DA:4890,0
DA:4891,0
DA:4892,0
DA:4893,0
DA:4894,0
DA:4895,0
DA:4896,0
DA:4897,0
DA:4898,0
DA:4899,0
DA:4900,0
DA:4901,0
DA:4902,0
DA:4906,0
DA:4937,0
DA:4938,0
DA:4939,0
DA:4941,0
DA:4942,0
DA:4943,0
DA:4944,0
DA:4945,0
DA:4947,0
DA:4948,0
DA:4949,0
DA:4950,0
DA:4951,0
DA:4952,0
DA:4953,0
DA:4955,0
DA:4956,0
DA:4957,0
DA:4958,0
DA:4959,0
DA:4960,0
DA:4961,0
DA:4962,0
DA:4963,0
DA:4964,0
DA:4965,0
DA:4966,0
DA:4967,0
DA:4968,0
DA:4969,0
DA:4970,0
DA:4972,0
DA:4973,0
DA:4974,0
DA:4976,0
DA:4977,0
DA:4978,0
DA:4980,0
DA:4981,0
DA:4982,0
DA:4984,0
DA:4985,0
DA:4986,0
DA:4987,0
DA:4988,0
DA:4990,0
DA:4991,0
DA:4992,0
DA:4994,0
DA:4995,0
DA:4996,0
DA:4997,0
DA:4999,0
DA:5000,0
DA:5001,0
DA:5003,0
DA:5004,0
DA:5005,0
DA:5007,0
DA:5008,0
DA:5009,0
DA:5011,0
DA:5012,0
DA:5013,0
DA:5015,0
DA:5016,0
DA:5017,0
DA:5019,0
DA:5020,0
DA:5021,0
DA:5023,0
DA:5024,0
DA:5025,0
DA:5027,0
DA:5028,0
DA:5029,0
DA:5031,0
DA:5032,0
DA:5033,0
DA:5035,0
DA:5036,0
DA:5037,0
DA:5039,0
DA:5040,0
DA:5041,0
DA:5042,0
DA:5043,0
DA:5044,0
DA:5045,0
DA:5047,0
DA:5048,0
DA:5049,0
DA:5050,0
DA:5051,0
DA:5052,0
DA:5054,0
DA:5055,0
DA:5056,0
DA:5057,0
DA:5061,0
DA:5063,0
DA:5064,0
DA:5065,0
DA:5066,0
DA:5067,0
DA:5068,0
DA:5069,0
DA:5070,0
DA:5071,0
DA:5072,0
DA:5073,0
DA:5074,0
DA:5075,0
DA:5076,0
DA:5077,0
DA:5078,0
DA:5079,0
DA:5080,0
DA:5081,0
DA:5082,0
DA:5083,0
DA:5084,0
DA:5085,0
DA:5086,0
DA:5087,0
DA:5088,0
DA:5089,0
DA:5090,0
DA:5091,0
DA:5092,0
DA:5093,0
DA:5094,0
DA:5095,0
DA:5098,0
DA:5099,0
DA:5100,0
DA:5101,0
DA:5102,0
DA:5103,0
DA:5104,0
DA:5105,0
DA:5106,0
DA:5107,0
DA:5108,0
DA:5109,0
DA:5110,0
DA:5111,0
DA:5112,0
DA:5113,0
DA:5114,0
DA:5115,0
DA:5116,0
DA:5117,0
DA:5118,0
DA:5119,0
DA:5120,0
DA:5121,0
DA:5122,0
DA:5123,0
DA:5124,0
DA:5125,0
DA:5126,0
DA:5127,0
DA:5128,0
DA:5129,0
DA:5131,1
DA:5134,0
DA:5135,0
DA:5136,0
DA:5137,0
DA:5138,0
DA:5139,0
DA:5140,0
DA:5141,0
DA:5142,0
DA:5143,0
DA:5144,0
DA:5145,0
DA:5146,0
DA:5147,0
DA:5148,0
DA:5149,0
DA:5150,0
DA:5151,0
DA:5152,0
DA:5153,0
DA:5154,0
DA:5155,0
DA:5156,0
DA:5157,0
DA:5158,0
DA:5159,0
DA:5160,0
DA:5161,0
DA:5162,0
DA:5163,0
DA:5164,0
DA:5198,2
DA:5230,2
DA:5261,2
DA:5262,2
DA:5263,2
DA:5264,2
DA:5265,0
DA:5297,0
DA:5298,0
DA:5299,0
DA:5301,0
DA:5302,0
DA:5303,0
DA:5304,0
DA:5305,0
DA:5306,0
DA:5307,0
DA:5308,0
DA:5310,0
DA:5311,0
DA:5313,0
DA:5314,0
DA:5316,0
DA:5317,0
DA:5319,0
DA:5320,0
DA:5321,0
DA:5322,0
DA:5323,0
DA:5324,0
DA:5325,0
DA:5326,0
DA:5327,0
DA:5328,0
DA:5329,0
DA:5330,0
DA:5331,0
DA:5332,0
DA:5336,0
DA:5368,0
DA:5369,0
DA:5370,0
DA:5372,0
DA:5373,0
DA:5374,0
DA:5375,0
DA:5376,0
DA:5377,0
DA:5378,0
DA:5379,0
DA:5380,0
DA:5381,0
DA:5382,0
DA:5383,0
DA:5385,0
DA:5386,0
DA:5387,0
DA:5388,0
DA:5389,0
DA:5390,0
DA:5391,0
DA:5392,0
DA:5393,0
DA:5394,0
DA:5395,0
DA:5396,0
DA:5397,0
DA:5398,0
DA:5399,0
DA:5400,0
DA:5404,2
DA:5406,2
DA:5407,4
DA:5408,0
DA:5410,4
DA:5411,8
DA:5413,4
DA:5414,4
DA:5415,4
DA:5418,4
DA:5419,8
DA:5421,4
DA:5422,4
DA:5424,4
DA:5425,8
DA:5427,4
DA:5428,0
DA:5430,4
DA:5431,8
DA:5433,4
DA:5434,8
DA:5436,4
DA:5437,8
DA:5439,4
DA:5440,8
DA:5442,4
DA:5443,8
DA:5445,4
DA:5446,8
DA:5448,4
DA:5449,8
DA:5451,4
DA:5452,4
DA:5453,4
DA:5456,4
DA:5457,8
DA:5459,4
DA:5460,8
DA:5462,4
DA:5463,8
DA:5465,4
DA:5466,8
DA:5468,4
DA:5469,8
DA:5471,4
DA:5472,4
DA:5474,4
DA:5475,8
DA:5477,4
DA:5478,4
DA:5480,4
DA:5481,8
DA:5483,4
DA:5484,8
DA:5486,4
DA:5487,0
DA:5489,4
DA:5490,8
DA:5492,4
DA:5493,0
DA:5495,4
DA:5496,0
DA:5498,4
DA:5499,8
DA:5504,0
DA:5506,0
DA:5507,0
DA:5508,0
DA:5509,0
DA:5510,0
DA:5511,0
DA:5512,0
DA:5513,0
DA:5514,0
DA:5515,0
DA:5516,0
DA:5517,0
DA:5518,0
DA:5519,0
DA:5520,0
DA:5521,0
DA:5522,0
DA:5523,0
DA:5524,0
DA:5525,0
DA:5526,0
DA:5527,0
DA:5528,0
DA:5529,0
DA:5530,0
DA:5531,0
DA:5532,0
DA:5533,0
DA:5534,0
DA:5535,0
DA:5536,0
DA:5537,0
DA:5538,0
DA:5547,4
DA:5550,8
DA:5552,4
DA:5557,4
DA:5565,8
DA:5567,4
DA:5576,8
DA:5578,4
DA:5586,8
DA:5588,4
DA:5597,8
DA:5599,4
DA:5608,8
DA:5610,4
DA:5619,8
DA:5621,4
DA:5630,8
DA:5632,4
DA:5641,8
DA:5643,4
DA:5652,8
DA:5654,4
DA:5661,8
DA:5663,4
DA:5667,4
DA:5675,8
DA:5677,4
DA:5685,8
DA:5687,4
DA:5694,8
DA:5696,4
DA:5705,8
DA:5707,4
DA:5716,8
DA:5718,4
DA:5727,8
DA:5729,4
DA:5738,8
DA:5740,4
DA:5749,8
DA:5751,4
DA:5760,8
DA:5762,4
DA:5771,8
DA:5773,4
DA:5782,8
DA:5784,4
DA:5793,8
DA:5795,4
DA:5804,8
DA:5806,4
DA:5810,4
DA:5819,8
DA:5821,4
DA:5825,4
DA:5834,8
DA:5836,4
DA:5840,4
DA:5849,8
DA:5851,4
DA:5855,4
DA:5864,8
DA:5866,4
DA:5870,4
DA:5879,8
DA:5881,4
DA:5890,8
DA:5892,4
DA:5901,8
DA:5903,4
DA:5912,8
DA:5914,4
DA:5918,4
DA:5927,8
DA:5929,4
DA:5934,4
DA:5935,4
DA:5936,4
DA:5937,4
DA:5938,4
DA:5939,4
DA:5940,4
DA:5941,4
DA:5942,4
DA:5943,4
DA:5944,4
DA:5945,4
DA:5946,4
DA:5947,4
DA:5948,4
DA:5949,4
DA:5950,4
DA:5951,4
DA:5952,4
DA:5953,4
DA:5954,4
DA:5955,4
DA:5956,4
DA:5957,4
DA:5958,4
DA:5959,4
DA:5960,4
DA:5961,4
DA:5962,4
DA:5963,4
DA:5964,4
DA:5965,4
DA:5966,4
DA:5967,4
DA:5968,4
DA:5970,4
DA:5971,8
DA:5972,4
DA:5975,2
DA:5980,2
DA:5981,2
DA:5982,2
DA:5983,0
DA:5985,2
DA:5986,2
DA:5988,6
DA:5991,0
DA:5993,2
DA:5994,2
DA:5996,4
DA:5997,2
DA:6002,0
DA:6004,2
DA:6005,2
DA:6007,4
DA:6008,2
DA:6013,0
DA:6015,2
DA:6016,2
DA:6018,4
DA:6019,2
DA:6024,0
DA:6026,2
DA:6027,2
DA:6029,6
DA:6032,0
DA:6034,2
DA:6035,2
DA:6037,4
DA:6038,2
DA:6043,0
DA:6045,2
DA:6046,0
DA:6048,0
DA:6049,0
DA:6054,2
DA:6055,2
DA:6057,6
DA:6060,0
DA:6062,2
DA:6063,2
DA:6065,4
DA:6066,2
DA:6071,2
DA:6072,2
DA:6074,6
DA:6077,2
DA:6078,2
DA:6080,4
DA:6081,2
DA:6086,2
DA:6087,2
DA:6089,6
DA:6092,2
DA:6093,2
DA:6095,6
DA:6098,2
DA:6099,1
DA:6101,3
DA:6104,2
DA:6105,1
DA:6107,2
DA:6108,1
DA:6113,2
DA:6114,0
DA:6116,0
DA:6117,0
DA:6122,2
DA:6123,0
DA:6125,0
DA:6126,0
DA:6131,2
DA:6132,0
DA:6134,0
DA:6135,0
DA:6140,2
DA:6141,0
DA:6143,0
DA:6144,0
DA:6149,2
DA:6150,0
DA:6152,0
DA:6153,0
DA:6158,2
DA:6159,1
DA:6161,2
DA:6162,1
DA:6167,2
DA:6168,1
DA:6170,2
DA:6171,1
DA:6176,2
DA:6177,0
DA:6179,0
DA:6182,2
DA:6183,0
DA:6185,0
DA:6186,0
DA:6191,2
DA:6192,0
DA:6194,0
DA:6195,0
DA:6200,2
DA:6201,0
DA:6203,0
DA:6204,0
DA:6209,2
DA:6210,0
DA:6212,0
DA:6213,0
DA:6218,2
DA:6219,2
DA:6221,4
DA:6222,2
DA:6227,0
DA:6229,2
DA:6230,2
DA:6232,4
DA:6233,2
DA:6238,0
DA:6240,2
DA:6241,0
DA:6243,0
DA:6244,0
DA:6249,2
DA:6250,1
DA:6252,3
DA:6255,2
DA:6256,2
DA:6258,6
DA:6261,0
DA:6266,4
DA:6267,4
DA:6268,2
DA:6270,0
DA:6271,2
DA:6273,6
DA:6275,4
DA:6278,6
DA:6280,4
DA:6283,6
DA:6285,4
DA:6288,6
DA:6290,4
DA:6293,6
DA:6295,4
DA:6298,6
DA:6300,4
DA:6303,6
DA:6305,4
DA:6307,6
DA:6309,4
DA:6312,6
DA:6314,4
DA:6316,6
DA:6318,4
DA:6320,6
DA:6322,4
DA:6325,6
DA:6327,4
DA:6329,6
DA:6331,4
DA:6333,6
DA:6335,4
DA:6337,6
DA:6339,4
DA:6341,6
DA:6343,4
DA:6345,6
DA:6347,4
DA:6349,6
DA:6351,4
DA:6353,6
DA:6355,4
DA:6357,6
DA:6359,4
DA:6361,6
DA:6363,4
DA:6365,6
DA:6367,4
DA:6369,6
DA:6371,4
DA:6374,6
DA:6376,4
DA:6379,6
DA:6381,4
DA:6384,6
DA:6386,4
DA:6389,6
DA:6391,4
DA:6394,6
DA:6396,4
DA:6399,6
DA:6401,4
DA:6404,6
DA:6406,4
DA:6408,6
DA:6410,4
DA:6413,6
DA:6415,4
DA:6418,6
DA:6420,4
DA:6425,0
DA:6427,0
DA:6465,2
DA:6500,0
DA:6502,0
DA:6503,0
DA:6504,0
DA:6505,0
DA:6506,0
DA:6507,0
DA:6508,0
DA:6509,0
DA:6510,0
DA:6511,0
DA:6513,0
DA:6514,0
DA:6515,0
DA:6517,0
DA:6518,0
DA:6520,0
DA:6521,0
DA:6522,0
DA:6524,0
DA:6525,0
DA:6527,0
DA:6528,0
DA:6530,0
DA:6531,0
DA:6533,0
DA:6534,0
DA:6536,0
DA:6537,0
DA:6539,0
DA:6540,0
DA:6542,0
DA:6543,0
DA:6545,0
DA:6546,0
DA:6548,0
DA:6549,0
DA:6551,0
DA:6552,0
DA:6554,0
DA:6555,0
DA:6556,0
DA:6557,0
DA:6558,0
DA:6559,0
DA:6560,0
DA:6561,0
DA:6562,0
DA:6564,0
DA:6565,0
DA:6569,0
DA:6570,0
DA:6571,0
DA:6572,0
DA:6573,0
DA:6574,0
DA:6575,0
DA:6576,0
DA:6577,0
DA:6579,0
DA:6581,0
DA:6582,0
DA:6584,0
DA:6586,0
DA:6588,0
DA:6589,0
DA:6591,0
DA:6593,0
DA:6595,0
DA:6597,0
DA:6599,0
DA:6601,0
DA:6603,0
DA:6605,0
DA:6607,0
DA:6609,0
DA:6611,0
DA:6613,0
DA:6615,0
DA:6617,0
DA:6619,0
DA:6621,0
DA:6623,0
DA:6625,0
DA:6627,0
DA:6629,0
DA:6630,0
DA:6631,0
DA:6632,0
DA:6633,0
DA:6634,0
DA:6635,0
DA:6636,0
DA:6638,0
DA:6640,0
DA:6641,0
DA:6642,0
DA:6646,0
DA:6650,0
DA:6651,0
DA:6652,0
DA:6653,0
DA:6654,0
DA:6655,0
DA:6656,0
DA:6658,0
DA:6659,0
DA:6660,0
DA:6661,0
DA:6662,0
DA:6663,0
DA:6664,0
DA:6665,0
DA:6666,0
DA:6667,0
DA:6668,0
DA:6669,0
DA:6670,0
DA:6671,0
DA:6672,0
DA:6673,0
DA:6674,0
DA:6675,0
DA:6676,0
DA:6677,0
DA:6678,0
DA:6679,0
DA:6680,0
DA:6681,0
DA:6682,0
DA:6683,0
DA:6684,0
DA:6685,0
DA:6686,0
DA:6689,0
DA:6691,0
DA:6692,0
DA:6693,0
DA:6694,0
DA:6695,0
DA:6696,0
DA:6697,0
DA:6698,0
DA:6699,0
DA:6700,0
DA:6701,0
DA:6702,0
DA:6703,0
DA:6704,0
DA:6705,0
DA:6706,0
DA:6707,0
DA:6708,0
DA:6709,0
DA:6710,0
DA:6711,0
DA:6712,0
DA:6713,0
DA:6714,0
DA:6715,0
DA:6716,0
DA:6717,0
DA:6718,0
DA:6719,0
DA:6720,0
DA:6721,0
DA:6722,0
DA:6723,0
DA:6724,0
DA:6725,0
DA:6729,0
DA:6763,0
DA:6764,0
DA:6765,0
DA:6766,0
DA:6768,0
DA:6769,0
DA:6770,0
DA:6771,0
DA:6773,0
DA:6774,0
DA:6775,0
DA:6776,0
DA:6778,0
DA:6779,0
DA:6780,0
DA:6781,0
DA:6782,0
DA:6783,0
DA:6784,0
DA:6786,0
DA:6788,0
DA:6790,0
DA:6792,0
DA:6794,0
DA:6796,0
DA:6798,0
DA:6799,0
DA:6800,0
DA:6801,0
DA:6802,0
DA:6803,0
DA:6804,0
DA:6805,0
DA:6806,0
DA:6807,0
DA:6808,0
DA:6810,0
DA:6811,0
DA:6812,0
DA:6813,0
DA:6815,0
DA:6816,0
DA:6817,0
DA:6819,0
DA:6820,0
DA:6821,0
DA:6823,0
DA:6824,0
DA:6825,0
DA:6826,0
DA:6828,0
DA:6829,0
DA:6830,0
DA:6832,0
DA:6833,0
DA:6834,0
DA:6836,0
DA:6838,0
DA:6839,0
DA:6840,0
DA:6841,0
DA:6843,0
DA:6844,0
DA:6845,0
DA:6846,0
DA:6847,0
DA:6848,0
DA:6850,0
DA:6851,0
DA:6852,0
DA:6854,0
DA:6855,0
DA:6856,0
DA:6858,0
DA:6859,0
DA:6860,0
DA:6862,0
DA:6863,0
DA:6864,0
DA:6866,0
DA:6867,0
DA:6868,0
DA:6870,0
DA:6871,0
DA:6872,0
DA:6874,0
DA:6875,0
DA:6876,0
DA:6878,0
DA:6879,0
DA:6880,0
DA:6882,0
DA:6884,0
DA:6886,0
DA:6888,0
DA:6889,0
DA:6890,0
DA:6892,0
DA:6893,0
DA:6894,0
DA:6896,0
DA:6897,0
DA:6898,0
DA:6900,0
DA:6901,0
DA:6902,0
DA:6904,0
DA:6905,0
DA:6906,0
DA:6910,0
DA:6912,0
DA:6913,0
DA:6914,0
DA:6915,0
DA:6916,0
DA:6917,0
DA:6918,0
DA:6919,0
DA:6920,0
DA:6921,0
DA:6922,0
DA:6923,0
DA:6924,0
DA:6925,0
DA:6926,0
DA:6927,0
DA:6928,0
DA:6929,0
DA:6930,0
DA:6931,0
DA:6932,0
DA:6933,0
DA:6934,0
DA:6935,0
DA:6936,0
DA:6937,0
DA:6938,0
DA:6939,0
DA:6940,0
DA:6941,0
DA:6942,0
DA:6943,0
DA:6944,0
DA:6945,0
DA:6946,0
DA:6947,0
DA:6950,0
DA:6951,0
DA:6952,0
DA:6953,0
DA:6954,0
DA:6955,0
DA:6956,0
DA:6957,0
DA:6958,0
DA:6959,0
DA:6960,0
DA:6961,0
DA:6962,0
DA:6963,0
DA:6964,0
DA:6965,0
DA:6966,0
DA:6967,0
DA:6968,0
DA:6969,0
DA:6970,0
DA:6971,0
DA:6972,0
DA:6973,0
DA:6974,0
DA:6975,0
DA:6976,0
DA:6977,0
DA:6978,0
DA:6979,0
DA:6980,0
DA:6981,0
DA:6982,0
DA:6983,0
DA:6984,0
DA:6986,0
DA:6989,0
DA:6990,0
DA:6991,0
DA:6992,0
DA:6993,0
DA:6994,0
DA:6995,0
DA:6996,0
DA:6997,0
DA:6998,0
DA:6999,0
DA:7000,0
DA:7001,0
DA:7002,0
DA:7003,0
DA:7004,0
DA:7005,0
DA:7006,0
DA:7007,0
DA:7008,0
DA:7009,0
DA:7010,0
DA:7011,0
DA:7012,0
DA:7013,0
DA:7014,0
DA:7015,0
DA:7016,0
DA:7017,0
DA:7018,0
DA:7019,0
DA:7020,0
DA:7021,0
DA:7022,0
DA:7059,7
DA:7094,2
DA:7128,2
DA:7129,2
DA:7130,2
DA:7131,2
DA:7132,2
DA:7133,2
DA:7134,2
DA:7135,2
DA:7136,2
DA:7137,2
DA:7138,0
DA:7173,0
DA:7174,0
DA:7175,0
DA:7176,0
DA:7178,0
DA:7179,0
DA:7180,0
DA:7181,0
DA:7182,0
DA:7183,0
DA:7184,0
DA:7185,0
DA:7186,0
DA:7187,0
DA:7188,0
DA:7189,0
DA:7190,0
DA:7191,0
DA:7192,0
DA:7193,0
DA:7194,0
DA:7195,0
DA:7196,0
DA:7197,0
DA:7198,0
DA:7199,0
DA:7200,0
DA:7201,0
DA:7202,0
DA:7203,0
DA:7204,0
DA:7205,0
DA:7206,0
DA:7207,0
DA:7211,0
DA:7246,0
DA:7247,0
DA:7248,0
DA:7249,0
DA:7251,0
DA:7252,0
DA:7253,0
DA:7254,0
DA:7255,0
DA:7256,0
DA:7257,0
DA:7258,0
DA:7259,0
DA:7260,0
DA:7261,0
DA:7262,0
DA:7263,0
DA:7264,0
DA:7265,0
DA:7266,0
DA:7267,0
DA:7268,0
DA:7269,0
DA:7270,0
DA:7271,0
DA:7272,0
DA:7273,0
DA:7274,0
DA:7275,0
DA:7276,0
DA:7277,0
DA:7278,0
DA:7279,0
DA:7280,0
DA:7284,2
DA:7286,2
DA:7287,4
DA:7288,0
DA:7290,4
DA:7291,8
DA:7293,4
DA:7294,8
DA:7296,4
DA:7297,4
DA:7298,4
DA:7301,4
DA:7302,8
DA:7304,4
DA:7305,8
DA:7307,4
DA:7308,8
DA:7310,4
DA:7311,0
DA:7313,4
DA:7314,8
DA:7316,4
DA:7317,8
DA:7319,4
DA:7320,8
DA:7322,4
DA:7323,8
DA:7325,4
DA:7326,8
DA:7328,4
DA:7329,8
DA:7331,4
DA:7332,4
DA:7334,4
DA:7335,4
DA:7337,4
DA:7338,0
DA:7340,4
DA:7341,0
DA:7343,4
DA:7344,0
DA:7346,4
DA:7347,0
DA:7349,4
DA:7350,0
DA:7352,4
DA:7353,4
DA:7355,4
DA:7356,4
DA:7358,4
DA:7359,0
DA:7361,4
DA:7362,0
DA:7364,4
DA:7365,0
DA:7367,4
DA:7368,0
DA:7370,4
DA:7371,0
DA:7373,4
DA:7374,8
DA:7376,4
DA:7377,8
DA:7379,4
DA:7380,0
DA:7382,4
DA:7383,4
DA:7385,4
DA:7386,8
DA:7391,0
DA:7393,0
DA:7394,0
DA:7395,0
DA:7396,0
DA:7397,0
DA:7398,0
DA:7399,0
DA:7400,0
DA:7401,0
DA:7402,0
DA:7403,0
DA:7404,0
DA:7405,0
DA:7406,0
DA:7407,0
DA:7408,0
DA:7409,0
DA:7410,0
DA:7411,0
DA:7412,0
DA:7413,0
DA:7414,0
DA:7415,0
DA:7416,0
DA:7417,0
DA:7418,0
DA:7419,0
DA:7420,0
DA:7421,0
DA:7422,0
DA:7423,0
DA:7424,0
DA:7425,0
DA:7426,0
DA:7427,0
DA:7428,0
DA:7437,4
DA:7442,8
DA:7444,4
DA:7453,8
DA:7455,4
DA:7464,8
DA:7466,4
DA:7475,8
DA:7477,4
DA:7482,4
DA:7483,4
DA:7484,4
DA:7485,4
DA:7486,4
DA:7487,4
DA:7489,4
DA:7490,8
DA:7491,4
DA:7494,0
DA:7499,0
DA:7500,0
DA:7501,0
DA:7502,0
DA:7504,0
DA:7505,0
DA:7510,0
DA:7512,0
DA:7513,0
DA:7515,0
DA:7516,0
DA:7521,0
DA:7523,0
DA:7524,0
DA:7526,0
DA:7529,0
DA:7531,0
DA:7532,0
DA:7534,0
DA:7535,0
DA:7540,0
DA:7545,4
DA:7546,4
DA:7547,0
DA:7549,0
DA:7550,0
DA:7552,0
DA:7554,0
DA:7557,0
DA:7559,0
DA:7562,0
DA:7564,0
DA:7567,0
DA:7569,0
DA:7574,0
DA:7576,0
DA:7586,0
DA:7592,0
DA:7594,0
DA:7595,0
DA:7596,0
DA:7597,0
DA:7598,0
DA:7602,0
DA:7603,0
DA:7604,0
DA:7605,0
DA:7606,0
DA:7607,0
DA:7611,0
DA:7615,0
DA:7616,0
DA:7617,0
DA:7618,0
DA:7619,0
DA:7620,0
DA:7623,0
DA:7625,0
DA:7626,0
DA:7627,0
DA:7628,0
DA:7629,0
DA:7630,0
DA:7634,0
DA:7639,0
DA:7640,0
DA:7641,0
DA:7642,0
DA:7643,0
DA:7645,0
DA:7646,0
DA:7648,0
DA:7649,0
DA:7650,0
DA:7652,0
DA:7653,0
DA:7654,0
DA:7655,0
DA:7657,0
DA:7661,0
DA:7663,0
DA:7664,0
DA:7665,0
DA:7666,0
DA:7667,0
DA:7668,0
DA:7669,0
DA:7672,0
DA:7674,0
DA:7675,0
DA:7678,0
DA:7679,0
DA:7680,0
DA:7681,0
DA:7682,0
DA:7691,0
DA:7698,0
DA:7704,0
DA:7705,0
DA:7706,0
DA:7707,0
DA:7708,0
DA:7715,0
DA:7716,0
DA:7717,0
DA:7718,0
DA:7719,0
DA:7720,0
DA:7724,0
DA:7731,0
DA:7732,0
DA:7733,0
DA:7734,0
DA:7735,0
DA:7736,0
DA:7740,0
DA:7742,0
DA:7743,0
DA:7744,0
DA:7746,0
DA:7747,0
DA:7749,0
DA:7750,0
DA:7752,0
DA:7753,0
DA:7755,0
DA:7756,0
DA:7761,0
DA:7763,0
DA:7764,0
DA:7765,0
DA:7766,0
DA:7767,0
DA:7768,0
DA:7769,0
DA:7770,0
DA:7775,8
DA:7776,0
DA:7777,8
DA:7780,4
DA:7781,4
DA:7782,4
DA:7783,4
DA:7784,8
DA:7785,8
DA:7788,8
DA:7791,4
DA:7792,4
DA:7793,8
DA:7797,8
DA:7801,8
DA:7805,8
DA:7809,8
DA:7813,8
DA:7817,8
DA:7821,8
DA:7825,8
DA:7829,8
DA:7833,8
DA:7837,8
DA:7842,8
DA:7843,4
DA:7846,4
DA:7847,0
DA:7849,0
DA:7850,4
DA:7851,4
DA:7852,4
DA:7853,4
DA:7854,4
DA:7855,4
DA:7856,4
DA:7857,4
DA:7858,4
DA:7859,4
DA:7860,4
DA:7861,4
DA:7862,4
DA:7863,4
DA:7864,4
DA:7865,4
DA:7866,4
DA:7867,4
DA:7868,4
DA:7869,4
DA:7870,4
DA:7905,0
DA:7912,0
DA:7913,0
DA:7914,0
DA:7917,0
DA:7918,0
DA:7919,0
DA:7922,0
DA:7923,0
DA:7924,0
DA:7927,0
DA:7928,0
DA:7929,0
DA:7932,0
DA:7933,0
DA:7934,0
DA:7937,0
DA:7938,0
DA:7939,0
DA:7942,0
DA:7943,0
DA:7944,0
DA:7947,0
DA:7948,0
DA:7949,0
DA:7952,0
DA:7953,0
DA:7954,0
DA:7957,0
DA:7958,0
DA:7959,0
DA:7965,0
DA:7972,0
DA:7973,0
DA:7974,0
DA:7977,0
DA:7978,0
DA:7979,0
DA:7982,0
DA:7983,0
DA:7984,0
DA:7987,0
DA:7988,0
DA:7989,0
DA:7992,0
DA:7993,0
DA:7994,0
DA:7997,0
DA:7998,0
DA:7999,0
DA:8002,0
DA:8003,0
DA:8004,0
DA:8007,0
DA:8008,0
DA:8009,0
DA:8012,0
DA:8013,0
DA:8014,0
DA:8017,0
DA:8018,0
DA:8019,0
DA:8025,0
DA:8032,0
DA:8033,0
DA:8035,0
DA:8036,0
DA:8038,0
DA:8039,0
DA:8041,0
DA:8042,0
DA:8044,0
DA:8045,0
DA:8046,0
DA:8049,0
DA:8050,0
DA:8052,0
DA:8053,0
DA:8054,0
DA:8057,0
DA:8058,0
DA:8060,0
DA:8061,0
DA:8063,0
DA:8064,0
DA:8089,0
DA:8092,0
DA:8093,0
DA:8097,0
DA:8098,0
DA:8100,0
DA:8105,0
DA:8110,0
DA:8122,0
DA:8136,0
DA:8148,0
DA:8162,0
DA:8164,0
DA:8165,0
DA:8166,0
DA:8167,0
DA:8170,0
DA:8226,0
DA:8233,0
DA:8234,0
DA:8235,0
DA:8238,0
DA:8239,0
DA:8240,0
DA:8243,0
DA:8244,0
DA:8245,0
DA:8248,0
DA:8249,0
DA:8250,0
DA:8253,0
DA:8254,0
DA:8255,0
DA:8258,0
DA:8259,0
DA:8260,0
DA:8263,0
DA:8264,0
DA:8265,0
DA:8268,0
DA:8269,0
DA:8270,0
DA:8273,0
DA:8274,0
DA:8275,0
DA:8278,0
DA:8279,0
DA:8280,0
DA:8283,0
DA:8284,0
DA:8285,0
DA:8288,0
DA:8289,0
DA:8290,0
DA:8296,0
DA:8303,0
DA:8304,0
DA:8305,0
DA:8308,0
DA:8309,0
DA:8310,0
DA:8313,0
DA:8314,0
DA:8315,0
DA:8318,0
DA:8319,0
DA:8320,0
DA:8323,0
DA:8324,0
DA:8325,0
DA:8328,0
DA:8329,0
DA:8330,0
DA:8333,0
DA:8334,0
DA:8335,0
DA:8338,0
DA:8339,0
DA:8340,0
DA:8343,0
DA:8344,0
DA:8345,0
DA:8348,0
DA:8349,0
DA:8350,0
DA:8353,0
DA:8354,0
DA:8355,0
DA:8358,0
DA:8359,0
DA:8360,0
DA:8366,0
DA:8373,0
DA:8374,0
DA:8376,0
DA:8377,0
DA:8378,0
DA:8381,0
DA:8382,0
DA:8384,0
DA:8385,0
DA:8387,0
DA:8388,0
DA:8389,0
DA:8392,0
DA:8393,0
DA:8394,0
DA:8397,0
DA:8398,0
DA:8399,0
DA:8402,0
DA:8403,0
DA:8405,0
DA:8406,0
DA:8407,0
DA:8410,0
DA:8411,0
DA:8413,0
DA:8414,0
DA:8416,0
DA:8417,0
DA:8442,0
DA:8445,0
DA:8446,0
DA:8450,0
DA:8455,0
DA:8460,0
DA:8465,0
DA:8478,0
DA:8493,0
DA:8506,0
DA:8521,0
DA:8523,0
DA:8524,0
DA:8525,0
DA:8526,0
DA:8529,0
DA:8591,0
DA:8598,0
DA:8599,0
DA:8600,0
DA:8603,0
DA:8604,0
DA:8605,0
DA:8608,0
DA:8609,0
DA:8610,0
DA:8613,0
DA:8614,0
DA:8615,0
DA:8618,0
DA:8619,0
DA:8620,0
DA:8623,0
DA:8624,0
DA:8625,0
DA:8628,0
DA:8629,0
DA:8630,0
DA:8633,0
DA:8634,0
DA:8635,0
DA:8638,0
DA:8639,0
DA:8640,0
DA:8643,0
DA:8644,0
DA:8645,0
DA:8648,0
DA:8649,0
DA:8650,0
DA:8653,0
DA:8654,0
DA:8655,0
DA:8658,0
DA:8659,0
DA:8660,0
DA:8666,0
DA:8673,0
DA:8674,0
DA:8675,0
DA:8678,0
DA:8679,0
DA:8680,0
DA:8683,0
DA:8684,0
DA:8685,0
DA:8688,0
DA:8689,0
DA:8690,0
DA:8693,0
DA:8694,0
DA:8695,0
DA:8698,0
DA:8699,0
DA:8700,0
DA:8703,0
DA:8704,0
DA:8705,0
DA:8708,0
DA:8709,0
DA:8710,0
DA:8713,0
DA:8714,0
DA:8715,0
DA:8718,0
DA:8719,0
DA:8720,0
DA:8723,0
DA:8724,0
DA:8725,0
DA:8728,0
DA:8729,0
DA:8730,0
DA:8733,0
DA:8734,0
DA:8735,0
DA:8741,0
DA:8748,0
DA:8749,0
DA:8751,0
DA:8752,0
DA:8753,0
DA:8756,0
DA:8757,0
DA:8759,0
DA:8760,0
DA:8762,0
DA:8763,0
DA:8764,0
DA:8767,0
DA:8768,0
DA:8769,0
DA:8772,0
DA:8773,0
DA:8774,0
DA:8777,0
DA:8778,0
DA:8780,0
DA:8781,0
DA:8783,0
DA:8784,0
DA:8786,0
DA:8787,0
DA:8789,0
DA:8790,0
DA:8791,0
DA:8794,0
DA:8795,0
DA:8820,0
DA:8823,0
DA:8824,0
DA:8828,0
DA:8833,0
DA:8838,0
DA:8843,0
DA:8857,0
DA:8873,0
DA:8887,0
DA:8903,0
DA:8905,0
DA:8906,0
DA:8907,0
DA:8908,0
DA:8911,0
DA:9009,0
DA:9016,0
DA:9017,0
DA:9018,0
DA:9021,0
DA:9022,0
DA:9023,0
DA:9026,0
DA:9027,0
DA:9028,0
DA:9031,0
DA:9032,0
DA:9033,0
DA:9036,0
DA:9037,0
DA:9038,0
DA:9041,0
DA:9042,0
DA:9043,0
DA:9046,0
DA:9047,0
DA:9048,0
DA:9051,0
DA:9052,0
DA:9053,0
DA:9056,0
DA:9057,0
DA:9058,0
DA:9061,0
DA:9062,0
DA:9063,0
DA:9066,0
DA:9067,0
DA:9068,0
DA:9071,0
DA:9072,0
DA:9073,0
DA:9076,0
DA:9077,0
DA:9078,0
DA:9081,0
DA:9082,0
DA:9083,0
DA:9086,0
DA:9087,0
DA:9088,0
DA:9091,0
DA:9092,0
DA:9093,0
DA:9096,0
DA:9097,0
DA:9098,0
DA:9101,0
DA:9102,0
DA:9103,0
DA:9106,0
DA:9107,0
DA:9108,0
DA:9111,0
DA:9112,0
DA:9113,0
DA:9116,0
DA:9117,0
DA:9118,0
DA:9121,0
DA:9122,0
DA:9123,0
DA:9126,0
DA:9127,0
DA:9128,0
DA:9131,0
DA:9132,0
DA:9133,0
DA:9136,0
DA:9137,0
DA:9138,0
DA:9141,0
DA:9142,0
DA:9143,0
DA:9146,0
DA:9147,0
DA:9148,0
DA:9151,0
DA:9152,0
DA:9153,0
DA:9156,0
DA:9157,0
DA:9158,0
DA:9161,0
DA:9162,0
DA:9163,0
DA:9166,0
DA:9167,0
DA:9168,0
DA:9174,0
DA:9181,0
DA:9182,0
DA:9183,0
DA:9186,0
DA:9187,0
DA:9188,0
DA:9191,0
DA:9192,0
DA:9193,0
DA:9196,0
DA:9197,0
DA:9198,0
DA:9201,0
DA:9202,0
DA:9203,0
DA:9206,0
DA:9207,0
DA:9208,0
DA:9211,0
DA:9212,0
DA:9213,0
DA:9216,0
DA:9217,0
DA:9218,0
DA:9221,0
DA:9222,0
DA:9223,0
DA:9226,0
DA:9227,0
DA:9228,0
DA:9231,0
DA:9232,0
DA:9233,0
DA:9236,0
DA:9237,0
DA:9238,0
DA:9241,0
DA:9242,0
DA:9243,0
DA:9246,0
DA:9247,0
DA:9248,0
DA:9251,0
DA:9252,0
DA:9253,0
DA:9256,0
DA:9257,0
DA:9258,0
DA:9261,0
DA:9262,0
DA:9263,0
DA:9266,0
DA:9267,0
DA:9268,0
DA:9271,0
DA:9272,0
DA:9273,0
DA:9276,0
DA:9277,0
DA:9278,0
DA:9281,0
DA:9282,0
DA:9283,0
DA:9286,0
DA:9287,0
DA:9288,0
DA:9291,0
DA:9292,0
DA:9293,0
DA:9296,0
DA:9297,0
DA:9298,0
DA:9301,0
DA:9302,0
DA:9303,0
DA:9306,0
DA:9307,0
DA:9308,0
DA:9311,0
DA:9312,0
DA:9313,0
DA:9316,0
DA:9317,0
DA:9318,0
DA:9321,0
DA:9322,0
DA:9323,0
DA:9326,0
DA:9327,0
DA:9328,0
DA:9331,0
DA:9332,0
DA:9333,0
DA:9339,0
DA:9346,0
DA:9347,0
DA:9349,0
DA:9350,0
DA:9352,0
DA:9353,0
DA:9354,0
DA:9357,0
DA:9358,0
DA:9360,0
DA:9361,0
DA:9362,0
DA:9365,0
DA:9366,0
DA:9367,0
DA:9370,0
DA:9371,0
DA:9372,0
DA:9375,0
DA:9376,0
DA:9377,0
DA:9380,0
DA:9381,0
DA:9382,0
DA:9385,0
DA:9386,0
DA:9388,0
DA:9389,0
DA:9391,0
DA:9392,0
DA:9393,0
DA:9396,0
DA:9397,0
DA:9398,0
DA:9401,0
DA:9402,0
DA:9403,0
DA:9406,0
DA:9407,0
DA:9408,0
DA:9411,0
DA:9412,0
DA:9414,0
DA:9415,0
DA:9416,0
DA:9419,0
DA:9420,0
DA:9421,0
DA:9424,0
DA:9425,0
DA:9426,0
DA:9429,0
DA:9430,0
DA:9432,0
DA:9433,0
DA:9434,0
DA:9437,0
DA:9438,0
DA:9440,0
DA:9441,0
DA:9442,0
DA:9445,0
DA:9446,0
DA:9447,0
DA:9450,0
DA:9451,0
DA:9453,0
DA:9454,0
DA:9456,0
DA:9457,0
DA:9459,0
DA:9460,0
DA:9462,0
DA:9463,0
DA:9465,0
DA:9466,0
DA:9468,0
DA:9469,0
DA:9490,0
DA:9491,0
DA:9492,0
DA:9496,0
DA:9498,0
DA:9500,0
DA:9501,0
DA:9503,0
DA:9535,0
DA:9569,0
DA:9601,0
DA:9635,0
DA:9637,0
DA:9638,0
DA:9639,0
DA:9640,0
DA:9643,0
DA:9735,0
DA:9742,0
DA:9743,0
DA:9744,0
DA:9747,0
DA:9748,0
DA:9749,0
DA:9752,0
DA:9753,0
DA:9754,0
DA:9757,0
DA:9758,0
DA:9759,0
DA:9762,0
DA:9763,0
DA:9764,0
DA:9767,0
DA:9768,0
DA:9769,0
DA:9772,0
DA:9773,0
DA:9774,0
DA:9777,0
DA:9778,0
DA:9779,0
DA:9782,0
DA:9783,0
DA:9784,0
DA:9787,0
DA:9788,0
DA:9789,0
DA:9792,0
DA:9793,0
DA:9794,0
DA:9797,0
DA:9798,0
DA:9799,0
DA:9802,0
DA:9803,0
DA:9804,0
DA:9807,0
DA:9808,0
DA:9809,0
DA:9812,0
DA:9813,0
DA:9814,0
DA:9817,0
DA:9818,0
DA:9819,0
DA:9822,0
DA:9823,0
DA:9824,0
DA:9827,0
DA:9828,0
DA:9829,0
DA:9832,0
DA:9833,0
DA:9834,0
DA:9837,0
DA:9838,0
DA:9839,0
DA:9842,0
DA:9843,0
DA:9844,0
DA:9847,0
DA:9848,0
DA:9849,0
DA:9852,0
DA:9853,0
DA:9854,0
DA:9857,0
DA:9858,0
DA:9859,0
DA:9862,0
DA:9863,0
DA:9864,0
DA:9867,0
DA:9868,0
DA:9869,0
DA:9872,0
DA:9873,0
DA:9874,0
DA:9877,0
DA:9878,0
DA:9879,0
DA:9882,0
DA:9883,0
DA:9884,0
DA:9887,0
DA:9888,0
DA:9889,0
DA:9895,0
DA:9902,0
DA:9903,0
DA:9904,0
DA:9907,0
DA:9908,0
DA:9909,0
DA:9912,0
DA:9913,0
DA:9914,0
DA:9917,0
DA:9918,0
DA:9919,0
DA:9922,0
DA:9923,0
DA:9924,0
DA:9927,0
DA:9928,0
DA:9929,0
DA:9932,0
DA:9933,0
DA:9934,0
DA:9937,0
DA:9938,0
DA:9939,0
DA:9942,0
DA:9943,0
DA:9944,0
DA:9947,0
DA:9948,0
DA:9949,0
DA:9952,0
DA:9953,0
DA:9954,0
DA:9957,0
DA:9958,0
DA:9959,0
DA:9962,0
DA:9963,0
DA:9964,0
DA:9967,0
DA:9968,0
DA:9969,0
DA:9972,0
DA:9973,0
DA:9974,0
DA:9977,0
DA:9978,0
DA:9979,0
DA:9982,0
DA:9983,0
DA:9984,0
DA:9987,0
DA:9988,0
DA:9989,0
DA:9992,0
DA:9993,0
DA:9994,0
DA:9997,0
DA:9998,0
DA:9999,0
DA:10002,0
DA:10003,0
DA:10004,0
DA:10007,0
DA:10008,0
DA:10009,0
DA:10012,0
DA:10013,0
DA:10014,0
DA:10017,0
DA:10018,0
DA:10019,0
DA:10022,0
DA:10023,0
DA:10024,0
DA:10027,0
DA:10028,0
DA:10029,0
DA:10032,0
DA:10033,0
DA:10034,0
DA:10037,0
DA:10038,0
DA:10039,0
DA:10042,0
DA:10043,0
DA:10044,0
DA:10047,0
DA:10048,0
DA:10049,0
DA:10055,0
DA:10062,0
DA:10063,0
DA:10065,0
DA:10066,0
DA:10067,0
DA:10070,0
DA:10071,0
DA:10072,0
DA:10075,0
DA:10076,0
DA:10077,0
DA:10080,0
DA:10081,0
DA:10083,0
DA:10084,0
DA:10086,0
DA:10087,0
DA:10088,0
DA:10091,0
DA:10092,0
DA:10093,0
DA:10096,0
DA:10097,0
DA:10099,0
DA:10100,0
DA:10101,0
DA:10104,0
DA:10105,0
DA:10106,0
DA:10109,0
DA:10110,0
DA:10111,0
DA:10114,0
DA:10115,0
DA:10116,0
DA:10119,0
DA:10120,0
DA:10121,0
DA:10124,0
DA:10125,0
DA:10126,0
DA:10129,0
DA:10130,0
DA:10131,0
DA:10134,0
DA:10135,0
DA:10136,0
DA:10139,0
DA:10140,0
DA:10141,0
DA:10144,0
DA:10145,0
DA:10146,0
DA:10149,0
DA:10150,0
DA:10151,0
DA:10154,0
DA:10155,0
DA:10157,0
DA:10158,0
DA:10160,0
DA:10161,0
DA:10163,0
DA:10164,0
DA:10166,0
DA:10167,0
DA:10168,0
DA:10171,0
DA:10172,0
DA:10174,0
DA:10175,0
DA:10177,0
DA:10178,0
DA:10180,0
DA:10181,0
DA:10182,0
DA:10185,0
DA:10186,0
DA:10211,0
DA:10214,0
DA:10215,0
DA:10219,0
DA:10220,0
DA:10222,0
DA:10227,0
DA:10232,0
DA:10263,0
DA:10296,0
DA:10327,0
DA:10360,0
DA:10362,0
DA:10363,0
DA:10364,0
DA:10365,0
DA:10368,0
DA:10466,0
DA:10473,0
DA:10474,0
DA:10475,0
DA:10478,0
DA:10479,0
DA:10480,0
DA:10483,0
DA:10484,0
DA:10485,0
DA:10488,0
DA:10489,0
DA:10490,0
DA:10493,0
DA:10494,0
DA:10495,0
DA:10498,0
DA:10499,0
DA:10500,0
DA:10503,0
DA:10504,0
DA:10505,0
DA:10508,0
DA:10509,0
DA:10510,0
DA:10513,0
DA:10514,0
DA:10515,0
DA:10518,0
DA:10519,0
DA:10520,0
DA:10523,0
DA:10524,0
DA:10525,0
DA:10528,0
DA:10529,0
DA:10530,0
DA:10533,0
DA:10534,0
DA:10535,0
DA:10538,0
DA:10539,0
DA:10540,0
DA:10543,0
DA:10544,0
DA:10545,0
DA:10548,0
DA:10549,0
DA:10550,0
DA:10553,0
DA:10554,0
DA:10555,0
DA:10558,0
DA:10559,0
DA:10560,0
DA:10563,0
DA:10564,0
DA:10565,0
DA:10568,0
DA:10569,0
DA:10570,0
DA:10573,0
DA:10574,0
DA:10575,0
DA:10578,0
DA:10579,0
DA:10580,0
DA:10583,0
DA:10584,0
DA:10585,0
DA:10588,0
DA:10589,0
DA:10590,0
DA:10593,0
DA:10594,0
DA:10595,0
DA:10598,0
DA:10599,0
DA:10600,0
DA:10603,0
DA:10604,0
DA:10605,0
DA:10608,0
DA:10609,0
DA:10610,0
DA:10613,0
DA:10614,0
DA:10615,0
DA:10618,0
DA:10619,0
DA:10620,0
DA:10623,0
DA:10624,0
DA:10625,0
DA:10628,0
DA:10629,0
DA:10630,0
DA:10633,0
DA:10634,0
DA:10635,0
DA:10641,0
DA:10648,0
DA:10649,0
DA:10650,0
DA:10653,0
DA:10654,0
DA:10655,0
DA:10658,0
DA:10659,0
DA:10660,0
DA:10663,0
DA:10664,0
DA:10665,0
DA:10668,0
DA:10669,0
DA:10670,0
DA:10673,0
DA:10674,0
DA:10675,0
DA:10678,0
DA:10679,0
DA:10680,0
DA:10683,0
DA:10684,0
DA:10685,0
DA:10688,0
DA:10689,0
DA:10690,0
DA:10693,0
DA:10694,0
DA:10695,0
DA:10698,0
DA:10699,0
DA:10700,0
DA:10703,0
DA:10704,0
DA:10705,0
DA:10708,0
DA:10709,0
DA:10710,0
DA:10713,0
DA:10714,0
DA:10715,0
DA:10718,0
DA:10719,0
DA:10720,0
DA:10723,0
DA:10724,0
DA:10725,0
DA:10728,0
DA:10729,0
DA:10730,0
DA:10733,0
DA:10734,0
DA:10735,0
DA:10738,0
DA:10739,0
DA:10740,0
DA:10743,0
DA:10744,0
DA:10745,0
DA:10748,0
DA:10749,0
DA:10750,0
DA:10753,0
DA:10754,0
DA:10755,0
DA:10758,0
DA:10759,0
DA:10760,0
DA:10763,0
DA:10764,0
DA:10765,0
DA:10768,0
DA:10769,0
DA:10770,0
DA:10773,0
DA:10774,0
DA:10775,0
DA:10778,0
DA:10779,0
DA:10780,0
DA:10783,0
DA:10784,0
DA:10785,0
DA:10788,0
DA:10789,0
DA:10790,0
DA:10793,0
DA:10794,0
DA:10795,0
DA:10798,0
DA:10799,0
DA:10800,0
DA:10803,0
DA:10804,0
DA:10805,0
DA:10808,0
DA:10809,0
DA:10810,0
DA:10816,0
DA:10823,0
DA:10824,0
DA:10826,0
DA:10827,0
DA:10829,0
DA:10830,0
DA:10831,0
DA:10834,0
DA:10835,0
DA:10836,0
DA:10839,0
DA:10840,0
DA:10841,0
DA:10844,0
DA:10845,0
DA:10847,0
DA:10848,0
DA:10849,0
DA:10852,0
DA:10853,0
DA:10854,0
DA:10857,0
DA:10858,0
DA:10859,0
DA:10862,0
DA:10863,0
DA:10864,0
DA:10867,0
DA:10868,0
DA:10870,0
DA:10871,0
DA:10872,0
DA:10875,0
DA:10876,0
DA:10878,0
DA:10879,0
DA:10881,0
DA:10882,0
DA:10884,0
DA:10885,0
DA:10886,0
DA:10889,0
DA:10890,0
DA:10891,0
DA:10894,0
DA:10895,0
DA:10896,0
DA:10899,0
DA:10900,0
DA:10901,0
DA:10904,0
DA:10905,0
DA:10906,0
DA:10909,0
DA:10910,0
DA:10911,0
DA:10914,0
DA:10915,0
DA:10916,0
DA:10919,0
DA:10920,0
DA:10921,0
DA:10924,0
DA:10925,0
DA:10926,0
DA:10929,0
DA:10930,0
DA:10931,0
DA:10934,0
DA:10935,0
DA:10936,0
DA:10939,0
DA:10940,0
DA:10941,0
DA:10944,0
DA:10945,0
DA:10946,0
DA:10949,0
DA:10950,0
DA:10951,0
DA:10954,0
DA:10955,0
DA:10956,0
DA:10959,0
DA:10960,0
DA:10961,0
DA:10964,0
DA:10965,0
DA:10967,0
DA:10968,0
DA:10993,0
DA:10996,0
DA:10997,0
DA:11001,0
DA:11002,0
DA:11004,0
DA:11009,0
DA:11014,0
DA:11048,0
DA:11084,0
DA:11118,0
DA:11154,0
DA:11156,0
DA:11157,0
DA:11158,0
DA:11159,0
DA:11162,0
DA:11204,0
DA:11211,0
DA:11212,0
DA:11213,0
DA:11216,0
DA:11217,0
DA:11218,0
DA:11221,0
DA:11222,0
DA:11223,0
DA:11226,0
DA:11227,0
DA:11228,0
DA:11234,0
DA:11241,0
DA:11242,0
DA:11243,0
DA:11246,0
DA:11247,0
DA:11248,0
DA:11251,0
DA:11252,0
DA:11253,0
DA:11256,0
DA:11257,0
DA:11258,0
DA:11264,0
DA:11271,0
DA:11272,0
DA:11273,0
DA:11276,0
DA:11277,0
DA:11278,0
DA:11281,0
DA:11282,0
DA:11284,0
DA:11285,0
DA:11286,0
DA:11312,0
DA:11315,0
DA:11316,0
DA:11320,0
DA:11325,0
DA:11330,0
DA:11335,0
DA:11341,0
DA:11349,0
DA:11355,0
DA:11363,0
DA:11365,0
DA:11366,0
DA:11367,0
DA:11368,0
DA:11371,0
DA:11401,0
DA:11402,0
DA:11403,0
DA:11404,0
DA:11405,0
DA:11406,0
DA:11407,0
DA:11408,0
DA:11409,0
DA:11411,0
DA:11412,0
DA:11413,0
DA:11414,0
DA:11415,0
DA:11416,0
DA:11417,0
DA:11418,0
LF:5004
LH:1222
end_of_record
SF:lib/data/database/database.dart
DA:33,0
DA:36,4
DA:38,4
DA:41,4
DA:42,4
DA:43,4
DA:44,4
DA:46,0
DA:48,0
DA:50,0
DA:53,0
DA:56,0
DA:61,0
DA:64,0
DA:67,0
DA:72,0
DA:75,0
DA:78,0
DA:81,0
DA:84,0
DA:87,0
DA:95,0
DA:96,0
DA:97,0
DA:98,0
DA:99,0
LF:26
LH:6
end_of_record
SF:lib/domain/models/auth_models.dart
DA:3,1
DA:9,1
DA:10,1
DA:11,1
DA:12,2
DA:13,2
DA:21,2
DA:22,1
DA:23,2
DA:24,2
DA:30,1
DA:42,1
DA:43,1
DA:44,1
DA:45,1
DA:46,1
DA:47,1
DA:48,1
DA:49,1
DA:50,1
DA:51,1
DA:52,1
DA:67,1
DA:68,6
DA:70,2
DA:71,1
DA:72,1
DA:73,1
DA:74,1
DA:75,1
DA:76,1
DA:77,1
DA:78,1
DA:79,1
DA:85,1
DA:103,1
DA:104,1
DA:105,1
DA:106,1
DA:107,1
DA:108,1
DA:109,1
DA:110,2
DA:113,3
DA:114,1
DA:115,1
DA:116,1
DA:117,1
DA:118,1
DA:119,1
DA:120,1
DA:121,1
DA:122,1
DA:143,1
DA:144,1
DA:145,1
DA:147,1
DA:149,1
DA:151,1
DA:153,1
DA:155,1
DA:158,1
DA:163,1
DA:164,1
DA:165,1
DA:167,1
DA:169,1
DA:171,1
DA:173,1
DA:176,1
DA:181,1
DA:182,2
DA:183,2
DA:184,2
DA:186,2
DA:187,1
DA:188,1
DA:189,1
DA:190,1
DA:191,2
DA:192,2
DA:193,1
DA:194,1
DA:195,1
DA:196,1
DA:197,1
DA:198,1
DA:199,1
DA:200,1
DA:201,1
DA:216,1
DA:230,4
DA:231,3
DA:233,1
DA:240,1
DA:241,0
DA:242,1
DA:243,1
DA:244,1
DA:245,1
LF:100
LH:99
end_of_record
SF:lib/data/database/daos/match_dao.dart
DA:9,4
DA:15,4
DA:16,12
DA:19,2
DA:20,12
DA:21,2
DA:24,0
DA:25,0
DA:26,0
DA:29,0
DA:30,0
DA:31,0
DA:32,0
DA:33,0
DA:34,0
DA:36,0
DA:39,0
DA:40,0
DA:43,1
DA:44,2
DA:45,2
DA:46,5
DA:47,1
DA:50,0
DA:52,0
DA:53,0
DA:54,0
DA:55,0
DA:56,0
DA:57,0
DA:59,0
DA:62,0
DA:63,0
DA:66,2
DA:67,2
DA:70,2
DA:71,2
DA:74,0
DA:75,0
DA:76,0
DA:77,0
DA:78,0
DA:79,0
DA:84,0
DA:85,0
DA:86,0
DA:93,0
DA:94,0
DA:97,2
DA:98,14
DA:99,2
DA:100,2
DA:101,2
DA:102,4
DA:107,2
DA:108,14
DA:109,2
DA:110,2
DA:111,4
DA:116,1
DA:117,7
DA:118,1
DA:119,1
DA:120,2
DA:125,2
DA:126,14
DA:127,2
DA:128,2
DA:129,4
DA:134,2
DA:135,2
DA:136,2
DA:137,2
DA:138,2
DA:142,2
DA:143,0
DA:144,0
DA:146,2
DA:147,7
DA:148,2
DA:151,12
DA:152,2
DA:156,1
DA:157,7
DA:158,1
DA:159,1
DA:160,2
DA:165,0
DA:166,0
DA:167,0
DA:168,0
DA:169,0
DA:174,0
DA:179,0
DA:180,0
DA:181,0
DA:182,0
DA:183,0
DA:188,0
DA:189,0
DA:190,0
DA:191,0
DA:192,0
DA:197,1
DA:198,7
DA:199,1
DA:201,2
DA:202,1
DA:203,1
DA:205,2
DA:210,0
DA:211,0
DA:212,0
DA:213,0
DA:214,0
DA:220,0
DA:221,0
DA:222,0
DA:223,0
DA:229,1
DA:230,2
DA:231,4
DA:232,2
DA:233,3
DA:235,1
DA:242,0
DA:243,0
DA:248,0
DA:281,0
DA:282,0
DA:283,0
DA:284,0
DA:285,0
DA:286,0
DA:287,0
DA:288,0
DA:289,0
DA:290,0
DA:291,0
DA:292,0
DA:293,0
DA:294,0
DA:295,0
DA:296,0
DA:297,0
DA:298,0
DA:299,0
DA:300,0
DA:301,0
DA:302,0
DA:303,0
DA:304,0
DA:305,0
DA:306,0
DA:307,0
DA:308,0
DA:309,0
DA:310,0
DA:311,0
DA:312,0
LF:160
LH:65
end_of_record
SF:lib/data/database/daos/match_dao.g.dart
DA:7,12
DA:8,0
DA:9,0
LF:3
LH:1
end_of_record
SF:lib/data/database/tables.dart
DA:9,0
DA:10,0
DA:11,0
DA:12,0
DA:13,0
DA:14,0
DA:15,0
DA:16,0
DA:17,0
DA:18,0
DA:20,0
DA:21,0
DA:26,0
DA:27,0
DA:28,0
DA:29,0
DA:30,0
DA:31,0
DA:32,0
DA:33,0
DA:34,0
DA:35,0
DA:36,0
DA:37,0
DA:39,0
DA:40,0
DA:45,0
DA:46,0
DA:47,0
DA:48,0
DA:49,0
DA:50,0
DA:51,0
DA:52,0
DA:53,0
DA:54,0
DA:55,0
DA:57,0
DA:58,0
DA:60,0
DA:61,0
DA:73,0
DA:74,0
DA:75,0
DA:76,0
DA:77,0
DA:78,0
DA:79,0
DA:80,0
DA:81,0
DA:82,0
DA:83,0
DA:87,0
DA:90,0
DA:91,0
DA:92,0
DA:93,0
DA:96,0
DA:99,0
DA:100,0
DA:103,0
DA:104,0
DA:105,0
DA:108,0
DA:111,0
DA:112,0
DA:113,0
DA:116,0
DA:117,0
DA:118,0
DA:120,0
DA:121,0
DA:132,0
DA:133,0
DA:134,0
DA:135,0
DA:137,0
DA:138,0
DA:139,0
DA:142,0
DA:145,0
DA:146,0
DA:147,0
DA:148,0
DA:149,0
DA:150,0
DA:151,0
DA:152,0
DA:153,0
DA:156,0
DA:157,0
DA:158,0
DA:161,0
DA:162,0
DA:163,0
DA:164,0
DA:165,0
DA:166,0
DA:169,0
DA:170,0
DA:173,0
DA:175,0
DA:189,0
DA:190,0
DA:191,0
DA:192,0
DA:193,0
DA:196,0
DA:197,0
DA:198,0
DA:202,0
DA:204,0
DA:205,0
DA:206,0
DA:209,0
DA:210,0
DA:211,0
DA:212,0
DA:215,0
DA:216,0
DA:217,0
DA:218,0
DA:219,0
DA:222,0
DA:223,0
DA:226,0
DA:227,0
DA:230,0
DA:231,0
DA:232,0
DA:235,0
DA:236,0
DA:239,0
DA:242,0
DA:244,0
DA:249,0
DA:250,0
DA:251,0
DA:252,0
DA:254,0
DA:255,0
LF:141
LH:0
end_of_record
SF:lib/data/database/daos/play_by_play_dao.g.dart
DA:7,2
DA:8,4
LF:2
LH:2
end_of_record
SF:lib/data/database/daos/play_by_play_dao.dart
DA:10,2
DA:16,2
DA:17,6
DA:20,0
DA:21,0
DA:22,0
DA:26,0
DA:27,0
DA:28,0
DA:31,0
DA:32,0
DA:33,0
DA:36,2
DA:37,4
DA:38,8
DA:39,10
DA:40,2
DA:43,1
DA:45,2
DA:46,2
DA:47,5
DA:48,5
DA:49,1
DA:52,1
DA:54,2
DA:55,2
DA:56,3
DA:57,2
DA:58,5
DA:59,1
DA:62,0
DA:63,0
DA:64,0
DA:65,0
DA:66,0
DA:73,0
DA:74,0
DA:75,0
DA:76,0
DA:77,0
DA:78,0
DA:81,2
DA:82,4
DA:83,4
DA:84,10
DA:85,10
DA:86,2
DA:89,0
DA:90,0
DA:91,0
DA:92,0
DA:93,0
DA:94,0
DA:95,0
DA:96,0
DA:99,0
DA:101,0
DA:102,0
DA:103,0
DA:104,0
DA:105,0
DA:106,0
DA:107,0
DA:110,0
DA:111,0
DA:112,0
DA:113,0
DA:114,0
DA:115,0
DA:116,0
DA:123,2
DA:125,4
DA:126,8
DA:127,10
DA:128,2
DA:129,2
DA:132,2
DA:133,2
DA:134,4
DA:141,1
DA:142,2
DA:143,2
DA:144,5
DA:145,1
DA:148,0
DA:149,0
DA:156,0
DA:157,0
DA:158,0
DA:159,0
DA:170,0
DA:171,0
DA:174,2
DA:175,12
DA:176,2
DA:179,0
DA:180,0
DA:181,0
DA:185,0
DA:187,0
DA:188,0
DA:190,0
DA:191,0
DA:192,0
DA:193,0
DA:194,0
DA:195,0
DA:196,0
DA:203,0
DA:204,0
DA:205,0
DA:206,0
DA:207,0
DA:212,0
DA:213,0
DA:214,0
DA:215,0
DA:216,0
DA:217,0
DA:218,0
DA:219,0
LF:121
LH:44
end_of_record
SF:lib/data/database/daos/player_stats_dao.dart
DA:10,2
DA:16,2
DA:17,6
DA:20,0
DA:22,0
DA:23,0
DA:27,2
DA:28,4
DA:29,4
DA:30,6
DA:31,4
DA:32,2
DA:35,0
DA:36,0
DA:37,0
DA:38,0
DA:41,2
DA:43,4
DA:44,4
DA:45,6
DA:46,4
DA:47,2
DA:50,0
DA:52,0
DA:53,0
DA:54,0
DA:55,0
DA:56,0
DA:57,0
DA:60,0
DA:61,0
DA:62,0
DA:63,0
DA:66,0
DA:68,0
DA:69,0
DA:70,0
DA:71,0
DA:72,0
DA:79,0
DA:80,0
DA:83,2
DA:84,2
DA:85,4
DA:86,4
DA:87,6
DA:88,4
DA:89,4
DA:90,2
DA:91,2
DA:92,2
DA:96,0
DA:97,0
DA:99,0
DA:100,0
DA:101,0
DA:102,0
DA:108,0
DA:109,0
DA:113,0
DA:119,0
DA:120,0
DA:124,0
DA:125,0
DA:148,0
DA:158,2
DA:160,2
DA:162,14
DA:163,4
DA:164,8
DA:165,8
DA:166,8
DA:167,8
DA:168,10
DA:169,4
DA:175,2
DA:177,2
DA:179,14
DA:180,4
DA:181,8
DA:182,8
DA:183,8
DA:184,8
DA:185,10
DA:186,4
DA:192,2
DA:194,2
DA:196,14
DA:197,4
DA:198,8
DA:199,8
DA:200,8
DA:201,4
DA:207,2
DA:209,2
DA:211,14
DA:212,4
DA:213,2
DA:214,6
DA:215,2
DA:216,6
DA:217,8
DA:218,4
DA:224,1
DA:225,1
DA:227,7
DA:228,2
DA:229,4
DA:230,2
DA:236,2
DA:237,2
DA:239,14
DA:240,4
DA:241,8
DA:242,4
DA:248,1
DA:249,1
DA:251,7
DA:252,2
DA:253,4
DA:254,2
DA:260,2
DA:261,2
DA:263,14
DA:264,4
DA:265,8
DA:266,4
DA:272,2
DA:273,2
DA:275,6
DA:276,14
DA:277,4
DA:278,2
DA:279,4
DA:280,4
DA:289,0
DA:294,0
DA:295,0
DA:296,0
DA:297,0
DA:298,0
DA:300,0
DA:308,0
DA:309,0
DA:310,0
DA:311,0
DA:316,0
DA:348,0
DA:349,0
DA:350,0
DA:351,0
DA:352,0
DA:353,0
DA:354,0
DA:355,0
DA:356,0
DA:357,0
DA:358,0
DA:359,0
DA:360,0
DA:361,0
DA:362,0
DA:363,0
DA:364,0
DA:365,0
DA:366,0
DA:367,0
DA:368,0
DA:369,0
DA:370,0
DA:371,0
DA:372,0
DA:373,0
DA:374,0
DA:375,0
DA:376,0
DA:377,0
DA:378,0
LF:178
LH:95
end_of_record
SF:lib/data/database/daos/player_stats_dao.g.dart
DA:7,2
DA:8,4
DA:9,0
DA:10,0
LF:4
LH:2
end_of_record
SF:lib/data/database/daos/tournament_dao.g.dart
DA:7,0
DA:8,0
DA:9,0
DA:10,0
DA:11,0
DA:12,0
DA:13,0
DA:14,0
LF:8
LH:0
end_of_record
SF:lib/data/database/daos/tournament_dao.dart
DA:15,0
DA:21,0
DA:22,0
DA:25,0
DA:26,0
DA:27,0
DA:30,0
DA:31,0
DA:32,0
DA:35,0
DA:36,0
DA:39,0
DA:40,0
DA:47,0
DA:48,0
DA:51,0
DA:52,0
DA:53,0
DA:57,0
DA:59,0
DA:60,0
DA:61,0
DA:64,0
DA:65,0
DA:66,0
DA:73,0
DA:74,0
DA:77,0
DA:79,0
DA:80,0
DA:84,0
DA:85,0
DA:86,0
DA:87,0
DA:88,0
DA:92,0
DA:93,0
DA:96,0
DA:97,0
DA:98,0
DA:102,0
DA:103,0
DA:104,0
DA:107,0
DA:108,0
DA:109,0
DA:110,0
DA:111,0
DA:114,0
DA:115,0
DA:116,0
DA:117,0
DA:118,0
DA:126,0
DA:131,0
DA:132,0
DA:133,0
DA:134,0
DA:135,0
DA:136,0
DA:142,0
DA:143,0
DA:147,0
DA:148,0
DA:151,0
DA:152,0
DA:155,0
DA:156,0
DA:159,0
DA:160,0
DA:161,0
DA:162,0
DA:163,0
DA:166,0
DA:167,0
DA:168,0
DA:169,0
DA:176,0
DA:181,0
DA:182,0
DA:183,0
DA:184,0
DA:188,0
DA:189,0
DA:191,0
DA:192,0
DA:193,0
DA:194,0
DA:195,0
DA:198,0
DA:199,0
DA:200,0
DA:202,0
LF:93
LH:0
end_of_record
SF:lib/presentation/providers/network_status_provider.dart
DA:32,3
DA:40,1
DA:47,1
DA:48,1
DA:49,1
DA:50,1
DA:52,1
DA:56,3
DA:57,3
DA:58,3
DA:63,0
DA:64,0
DA:71,0
DA:73,0
DA:76,0
DA:77,0
DA:81,0
DA:83,0
DA:87,0
DA:88,0
DA:90,0
DA:94,0
DA:95,0
DA:97,0
DA:98,0
DA:102,0
DA:104,0
DA:108,0
DA:110,0
DA:111,0
DA:113,0
DA:117,0
DA:119,0
DA:122,0
DA:124,0
DA:130,0
DA:132,0
DA:133,0
DA:134,0
DA:141,0
DA:142,0
DA:146,0
DA:147,0
DA:154,0
DA:155,0
DA:159,0
DA:160,0
DA:167,0
DA:168,0
DA:175,0
DA:177,0
DA:178,0
DA:179,0
DA:184,0
DA:185,0
DA:186,0
DA:190,0
DA:191,0
DA:195,0
DA:196,0
LF:60
LH:10
end_of_record
SF:lib/presentation/widgets/timer/game_timer_widget.dart
DA:17,3
DA:27,1
DA:36,1
DA:37,1
DA:38,1
DA:39,1
DA:40,1
DA:41,1
DA:42,1
DA:43,1
DA:47,4
DA:48,5
DA:49,6
DA:50,3
DA:52,1
DA:53,2
DA:54,2
DA:55,5
DA:58,4
DA:60,1
DA:61,3
DA:62,2
DA:64,3
DA:65,2
DA:77,1
DA:81,1
DA:84,1
DA:88,2
DA:91,1
DA:96,1
DA:97,2
DA:99,3
DA:100,2
DA:101,3
DA:105,1
DA:106,2
DA:107,1
DA:108,3
DA:109,3
DA:113,1
DA:114,2
DA:115,1
DA:117,1
DA:122,0
DA:123,0
DA:124,0
DA:127,0
DA:128,0
DA:129,0
DA:134,0
DA:135,0
DA:136,0
DA:140,0
DA:144,0
DA:148,1
DA:149,3
DA:150,3
DA:154,1
DA:155,1
DA:159,1
DA:160,3
DA:161,3
DA:163,3
DA:164,1
DA:165,3
DA:170,3
DA:174,1
DA:175,3
DA:177,5
DA:178,5
DA:180,1
DA:181,3
DA:184,3
DA:186,1
DA:191,3
DA:195,1
DA:196,7
DA:197,3
DA:198,3
DA:202,1
DA:203,3
DA:204,3
DA:208,1
DA:209,3
DA:210,3
DA:213,1
DA:215,2
DA:216,1
DA:221,0
DA:222,0
DA:227,0
DA:238,0
DA:240,0
DA:241,0
DA:243,0
DA:244,0
DA:247,0
DA:250,0
DA:255,0
DA:257,0
DA:259,0
DA:261,0
DA:263,0
DA:265,0
DA:267,0
DA:269,0
DA:271,0
DA:272,0
DA:283,0
DA:284,0
DA:285,0
DA:286,0
DA:287,0
DA:291,0
DA:298,0
DA:301,0
DA:302,0
DA:305,0
DA:306,0
DA:309,0
DA:310,0
DA:311,0
DA:315,0
DA:324,0
DA:329,0
DA:331,0
DA:333,0
DA:335,0
DA:337,0
DA:339,0
DA:341,0
DA:342,0
DA:343,0
DA:344,0
DA:348,0
DA:350,0
DA:351,0
DA:354,0
DA:356,0
DA:357,0
DA:365,0
DA:366,0
DA:374,0
DA:375,0
DA:376,0
DA:378,0
DA:379,0
DA:380,0
DA:382,0
DA:383,0
DA:384,0
DA:390,0
DA:391,0
DA:392,0
DA:396,0
DA:406,0
DA:408,0
DA:409,0
DA:411,0
DA:413,0
DA:415,0
DA:417,0
DA:419,0
DA:421,0
DA:423,0
DA:430,0
DA:432,0
DA:441,0
DA:444,0
DA:445,0
DA:448,0
DA:449,0
DA:450,0
DA:457,0
DA:458,0
DA:459,0
DA:463,0
DA:474,0
DA:476,0
DA:477,0
DA:478,0
DA:482,0
DA:483,0
DA:484,0
DA:494,0
DA:496,0
DA:498,0
DA:501,0
DA:502,0
DA:503,0
DA:504,0
DA:505,0
DA:506,0
DA:515,0
DA:516,0
DA:530,0
DA:538,0
DA:540,0
DA:542,0
DA:543,0
DA:544,0
DA:548,0
DA:549,0
DA:559,0
DA:561,0
DA:563,0
DA:564,0
DA:566,0
DA:567,0
DA:568,0
DA:570,0
DA:572,0
DA:573,0
DA:583,0
DA:584,0
DA:585,0
DA:589,0
DA:596,0
DA:598,0
LF:219
LH:77
end_of_record
SF:lib/presentation/providers/undo_stack_provider.dart
DA:28,1
DA:40,1
DA:41,1
DA:42,1
DA:43,2
DA:44,2
DA:45,1
DA:46,1
DA:47,2
DA:48,1
DA:49,1
DA:51,1
DA:52,2
DA:53,1
DA:54,1
DA:56,1
DA:58,1
DA:60,1
DA:62,1
DA:64,1
DA:70,0
DA:71,0
DA:75,1
DA:76,2
DA:77,2
DA:79,2
DA:82,2
DA:83,2
DA:95,3
DA:101,5
DA:104,3
DA:107,0
DA:110,3
DA:113,1
DA:114,2
DA:117,3
DA:118,1
DA:121,1
DA:122,2
DA:126,1
DA:127,2
DA:129,2
DA:130,1
DA:131,2
DA:135,1
DA:137,5
DA:144,1
DA:145,1
DA:146,1
DA:147,0
DA:150,1
DA:151,5
DA:152,1
DA:156,1
DA:157,1
DA:160,1
DA:163,1
DA:164,2
DA:169,2
DA:170,2
DA:171,0
DA:176,1
DA:177,4
DA:178,1
DA:180,2
DA:184,1
DA:185,2
DA:191,2
DA:194,1
DA:195,3
DA:199,1
DA:207,1
DA:208,3
DA:213,1
DA:214,1
DA:219,0
DA:221,1
DA:225,1
DA:233,1
DA:234,3
DA:239,1
DA:240,1
DA:246,1
DA:250,1
DA:255,3
DA:256,1
DA:262,1
DA:264,1
DA:269,1
DA:275,1
DA:276,3
DA:281,1
DA:282,1
DA:284,1
DA:288,1
DA:294,1
DA:295,3
DA:300,1
DA:302,1
DA:304,1
DA:308,1
DA:313,1
DA:314,3
DA:319,1
DA:321,1
DA:325,1
DA:330,3
DA:331,1
DA:337,1
DA:339,1
DA:344,1
DA:351,1
DA:352,3
DA:357,1
DA:358,1
DA:361,1
DA:365,1
DA:371,1
DA:372,3
DA:377,1
DA:378,1
DA:383,1
DA:387,1
DA:395,1
DA:396,3
DA:399,1
DA:401,1
DA:402,1
DA:410,1
DA:414,1
DA:415,2
DA:417,3
DA:423,1
DA:424,1
DA:426,2
DA:428,1
DA:431,3
DA:435,3
DA:440,1
DA:441,3
DA:446,0
DA:447,0
DA:448,0
LF:143
LH:134
end_of_record
SF:lib/presentation/screens/recording/models/player_with_stats.dart
DA:8,1
DA:11,3
DA:14,3
DA:17,3
DA:20,1
DA:21,4
DA:22,4
DA:23,2
DA:26,6
DA:29,6
DA:32,6
DA:35,1
DA:36,2
DA:37,4
DA:41,1
DA:42,3
DA:43,6
DA:47,1
DA:48,3
DA:49,6
DA:53,1
DA:54,5
DA:58,3
DA:60,1
DA:63,1
DA:64,3
DA:65,5
DA:67,1
DA:68,3
LF:29
LH:29
end_of_record
